2011-04-08 15:50:05 Notice: Notice (1024): Please change the value of 'Security.salt' in app/config/core.php to a salt value specific to your application in [/var/www/vhost/test4.weth.li/htdocs/cake/libs/debugger.php, line 684]
2011-04-08 15:50:05 Notice: Notice (1024): Please change the value of 'Security.cipherSeed' in app/config/core.php to a numeric (digits only) seed value specific to your application in [/var/www/vhost/test4.weth.li/htdocs/cake/libs/debugger.php, line 688]
2011-04-08 16:32:32 Notice: Notice (8): Undefined property: UtilisateursController::$Auth in [/var/www/vhost/test4.weth.li/htdocs/app/controllers/utilisateurs_controller.php, line 68]
2011-04-08 18:11:15 Notice: Notice (8): Undefined property: UtilisateursController::$Auth in [/var/www/vhost/test4.weth.li/htdocs/app/controllers/utilisateurs_controller.php, line 68]
2011-04-09 01:28:46 Notice: Notice (8): Undefined property: UtilisateursController::$Auth in [/var/www/vhost/test4.weth.li/htdocs/app/controllers/utilisateurs_controller.php, line 68]
2011-04-09 01:44:51 Notice: Notice (8): Undefined property: UtilisateursController::$Auth in [/var/www/vhost/test4.weth.li/htdocs/app/controllers/utilisateurs_controller.php, line 68]
2011-04-09 14:52:04 Notice: Notice (8): Undefined index:  UtilisateurGroupe in [/var/www/vhost/test4.weth.li/htdocs/app/app_controller.php, line 114]
2011-04-09 14:52:09 Notice: Notice (8): Undefined index:  UtilisateurGroupe in [/var/www/vhost/test4.weth.li/htdocs/app/app_controller.php, line 114]
2011-04-09 14:52:25 Notice: Notice (8): Undefined index:  UtilisateurGroupe in [/var/www/vhost/test4.weth.li/htdocs/app/app_controller.php, line 114]
2011-04-09 14:52:35 Notice: Notice (8): Undefined index:  UtilisateurGroupe in [/var/www/vhost/test4.weth.li/htdocs/app/app_controller.php, line 114]
2011-04-09 14:52:42 Notice: Notice (8): Undefined index:  UtilisateurGroupe in [/var/www/vhost/test4.weth.li/htdocs/app/app_controller.php, line 114]
2011-04-09 14:52:57 Notice: Notice (8): Undefined index:  UtilisateurGroupe in [/var/www/vhost/test4.weth.li/htdocs/app/app_controller.php, line 114]
2011-04-09 14:53:00 Notice: Notice (8): Undefined index:  UtilisateurGroupe in [/var/www/vhost/test4.weth.li/htdocs/app/app_controller.php, line 114]
2011-04-09 14:58:24 Notice: Notice (8): Undefined index:  UtilisateurGroupe in [/var/www/vhost/test4.weth.li/htdocs/app/app_controller.php, line 114]
2011-04-09 15:10:06 Notice: Notice (8): Undefined index:  UtilisateurGroupe in [/var/www/vhost/test4.weth.li/htdocs/app/app_controller.php, line 114]
2011-04-09 15:10:15 Notice: Notice (8): Undefined index:  UtilisateurGroupe in [/var/www/vhost/test4.weth.li/htdocs/app/app_controller.php, line 114]
2011-04-09 15:10:17 Notice: Notice (8): Undefined index:  UtilisateurGroupe in [/var/www/vhost/test4.weth.li/htdocs/app/app_controller.php, line 114]
2011-04-09 15:10:39 Notice: Notice (8): Undefined index:  UtilisateurGroupe in [/var/www/vhost/test4.weth.li/htdocs/app/app_controller.php, line 114]
2011-04-09 15:10:41 Notice: Notice (8): Undefined index:  UtilisateurGroupe in [/var/www/vhost/test4.weth.li/htdocs/app/app_controller.php, line 114]
2011-04-09 15:10:43 Notice: Notice (8): Undefined index:  UtilisateurGroupe in [/var/www/vhost/test4.weth.li/htdocs/app/app_controller.php, line 114]
2011-04-09 15:10:55 Notice: Notice (8): Undefined index:  UtilisateurGroupe in [/var/www/vhost/test4.weth.li/htdocs/app/app_controller.php, line 114]
2011-04-09 15:10:57 Notice: Notice (8): Undefined index:  UtilisateurGroupe in [/var/www/vhost/test4.weth.li/htdocs/app/app_controller.php, line 114]
2011-04-09 15:11:04 Notice: Notice (8): Undefined index:  UtilisateurGroupe in [/var/www/vhost/test4.weth.li/htdocs/app/app_controller.php, line 114]
2011-04-09 15:11:06 Notice: Notice (8): Undefined index:  UtilisateurGroupe in [/var/www/vhost/test4.weth.li/htdocs/app/app_controller.php, line 114]
2011-04-09 15:11:09 Notice: Notice (8): Undefined index:  UtilisateurGroupe in [/var/www/vhost/test4.weth.li/htdocs/app/app_controller.php, line 114]
2011-04-09 15:11:40 Notice: Notice (8): Undefined index:  UtilisateurGroupe in [/var/www/vhost/test4.weth.li/htdocs/app/app_controller.php, line 114]
2011-04-09 15:11:46 Notice: Notice (8): Undefined index:  UtilisateurGroupe in [/var/www/vhost/test4.weth.li/htdocs/app/app_controller.php, line 114]
2011-04-09 15:11:48 Notice: Notice (8): Undefined index:  UtilisateurGroupe in [/var/www/vhost/test4.weth.li/htdocs/app/app_controller.php, line 114]
2011-04-09 15:11:53 Notice: Notice (8): Undefined index:  UtilisateurGroupe in [/var/www/vhost/test4.weth.li/htdocs/app/app_controller.php, line 114]
2011-04-09 15:12:38 Notice: Notice (8): Undefined index:  UtilisateurGroupe in [/var/www/vhost/test4.weth.li/htdocs/app/app_controller.php, line 114]
2011-04-09 15:12:41 Notice: Notice (8): Undefined index:  UtilisateurGroupe in [/var/www/vhost/test4.weth.li/htdocs/app/app_controller.php, line 114]
2011-04-09 15:12:44 Notice: Notice (8): Undefined index:  UtilisateurGroupe in [/var/www/vhost/test4.weth.li/htdocs/app/app_controller.php, line 114]
2011-04-09 15:13:02 Notice: Notice (8): Undefined index:  UtilisateurGroupe in [/var/www/vhost/test4.weth.li/htdocs/app/app_controller.php, line 114]
2011-04-09 15:13:04 Notice: Notice (8): Undefined index:  UtilisateurGroupe in [/var/www/vhost/test4.weth.li/htdocs/app/app_controller.php, line 114]
2011-04-09 15:13:11 Notice: Notice (8): Undefined index:  UtilisateurGroupe in [/var/www/vhost/test4.weth.li/htdocs/app/app_controller.php, line 114]
2011-04-09 15:13:17 Notice: Notice (8): Undefined index:  UtilisateurGroupe in [/var/www/vhost/test4.weth.li/htdocs/app/app_controller.php, line 114]
2011-04-09 15:13:20 Notice: Notice (8): Undefined index:  UtilisateurGroupe in [/var/www/vhost/test4.weth.li/htdocs/app/app_controller.php, line 114]
2011-04-09 15:13:23 Notice: Notice (8): Undefined index:  UtilisateurGroupe in [/var/www/vhost/test4.weth.li/htdocs/app/app_controller.php, line 114]
2011-04-09 15:17:26 Notice: Notice (8): Undefined index:  UtilisateurGroupe in [/var/www/vhost/patch.weth.li/htdocs/app/app_controller.php, line 114]
2011-04-09 15:17:26 Notice: Notice (8): Undefined index:  UtilisateurGroupe in [/var/www/vhost/patch.weth.li/htdocs/app/app_controller.php, line 114]
2011-04-09 15:17:28 Notice: Notice (8): Undefined index:  UtilisateurGroupe in [/var/www/vhost/patch.weth.li/htdocs/app/app_controller.php, line 114]
2011-04-09 15:19:31 Notice: Notice (8): Undefined variable: cakeDebug in [/var/www/vhost/patch.weth.li/htdocs/app/views/layouts/default.ctp, line 70]
2011-04-09 15:19:32 Notice: Notice (8): Undefined variable: cakeDebug in [/var/www/vhost/patch.weth.li/htdocs/app/views/layouts/default.ctp, line 70]
2011-04-09 15:19:32 Notice: Notice (8): Undefined variable: cakeDebug in [/var/www/vhost/patch.weth.li/htdocs/app/views/layouts/default.ctp, line 70]
2011-04-09 15:19:38 Notice: Notice (8): Undefined variable: cakeDebug in [/var/www/vhost/patch.weth.li/htdocs/app/views/layouts/default.ctp, line 70]
2011-04-09 15:19:38 Notice: Notice (8): Undefined variable: cakeDebug in [/var/www/vhost/patch.weth.li/htdocs/app/views/layouts/default.ctp, line 70]
2011-04-09 15:19:38 Notice: Notice (8): Undefined variable: cakeDebug in [/var/www/vhost/patch.weth.li/htdocs/app/views/layouts/default.ctp, line 70]
2011-04-09 15:20:11 Notice: Notice (8): Undefined index:  Right in [/var/www/vhost/patch.weth.li/htdocs/app/controllers/app_controller.php, line 146]
2011-04-09 15:20:11 Notice: Notice (8): Undefined index:  Right in [/var/www/vhost/patch.weth.li/htdocs/app/controllers/app_controller.php, line 147]
2011-04-09 15:20:11 Notice: Notice (8): Undefined variable: cakeDebug in [/var/www/vhost/patch.weth.li/htdocs/app/views/layouts/default.ctp, line 70]
2011-04-09 15:20:12 Notice: Notice (8): Undefined variable: cakeDebug in [/var/www/vhost/patch.weth.li/htdocs/app/views/layouts/default.ctp, line 70]
2011-04-09 15:20:18 Notice: Notice (8): Undefined index:  Right in [/var/www/vhost/patch.weth.li/htdocs/app/controllers/app_controller.php, line 146]
2011-04-09 15:20:18 Notice: Notice (8): Undefined index:  Right in [/var/www/vhost/patch.weth.li/htdocs/app/controllers/app_controller.php, line 147]
2011-04-09 15:20:18 Notice: Notice (8): Undefined variable: cakeDebug in [/var/www/vhost/patch.weth.li/htdocs/app/views/layouts/default.ctp, line 70]
2011-04-09 15:20:18 Notice: Notice (8): Undefined variable: cakeDebug in [/var/www/vhost/patch.weth.li/htdocs/app/views/layouts/default.ctp, line 70]
2011-04-09 15:20:23 Notice: Notice (8): Undefined index:  Right in [/var/www/vhost/patch.weth.li/htdocs/app/controllers/app_controller.php, line 146]
2011-04-09 15:20:23 Notice: Notice (8): Undefined index:  Right in [/var/www/vhost/patch.weth.li/htdocs/app/controllers/app_controller.php, line 147]
2011-04-09 15:20:23 Notice: Notice (8): Undefined variable: cakeDebug in [/var/www/vhost/patch.weth.li/htdocs/app/views/layouts/default.ctp, line 70]
2011-04-09 15:20:23 Notice: Notice (8): Undefined variable: cakeDebug in [/var/www/vhost/patch.weth.li/htdocs/app/views/layouts/default.ctp, line 70]
2011-04-09 15:21:11 Notice: Notice (8): Undefined index:  Right in [/var/www/vhost/patch.weth.li/htdocs/app/controllers/app_controller.php, line 146]
2011-04-09 15:21:11 Notice: Notice (8): Undefined index:  Right in [/var/www/vhost/patch.weth.li/htdocs/app/controllers/app_controller.php, line 147]
2011-04-09 15:21:14 Notice: Notice (8): Undefined index:  Right in [/var/www/vhost/patch.weth.li/htdocs/app/controllers/app_controller.php, line 146]
2011-04-09 15:21:14 Notice: Notice (8): Undefined index:  Right in [/var/www/vhost/patch.weth.li/htdocs/app/controllers/app_controller.php, line 147]
2011-04-09 16:33:36 Notice: Notice (8): Undefined index:  Right in [/var/www/vhost/patch.weth.li/htdocs/app/app_controller.php, line 118]
2011-04-09 16:34:59 Notice: Notice (8): Undefined index:  Right in [/var/www/vhost/patch.weth.li/htdocs/app/app_controller.php, line 115]
2011-04-09 19:00:59 Notice: Notice (8): Undefined index:  Groupe in [/var/www/vhost/patch.weth.li/htdocs/app/views/rights/index.ctp, line 33]
2011-04-09 19:04:03 Notice: Notice (8): Undefined index:  Groupe in [/var/www/vhost/patch.weth.li/htdocs/app/views/admingroupes/index.ctp, line 28]
2011-04-09 19:04:03 Notice: Notice (8): Undefined index:  Groupe in [/var/www/vhost/patch.weth.li/htdocs/app/views/admingroupes/index.ctp, line 31]
2011-04-09 19:04:03 Notice: Notice (8): Undefined index:  Groupe in [/var/www/vhost/patch.weth.li/htdocs/app/views/admingroupes/index.ctp, line 34]
2011-04-09 19:04:03 Notice: Notice (8): Undefined index:  Groupe in [/var/www/vhost/patch.weth.li/htdocs/app/views/admingroupes/index.ctp, line 37]
2011-04-09 19:04:03 Notice: Notice (8): Undefined index:  Groupe in [/var/www/vhost/patch.weth.li/htdocs/app/views/admingroupes/index.ctp, line 40]
2011-04-09 19:04:03 Notice: Notice (8): Undefined index:  Groupe in [/var/www/vhost/patch.weth.li/htdocs/app/views/admingroupes/index.ctp, line 43]
2011-04-09 19:04:03 Notice: Notice (8): Undefined index:  Groupe in [/var/www/vhost/patch.weth.li/htdocs/app/views/admingroupes/index.ctp, line 44]
2011-04-09 19:04:03 Notice: Notice (8): Undefined index:  Groupe in [/var/www/vhost/patch.weth.li/htdocs/app/views/admingroupes/index.ctp, line 45]
2011-04-09 19:05:16 Notice: Notice (8): Undefined index:  Groupe in [/var/www/vhost/patch.weth.li/htdocs/app/views/admingroupes/index.ctp, line 31]
2011-04-09 19:05:16 Notice: Notice (8): Undefined index:  Groupe in [/var/www/vhost/patch.weth.li/htdocs/app/views/admingroupes/index.ctp, line 34]
2011-04-09 19:05:16 Notice: Notice (8): Undefined index:  Groupe in [/var/www/vhost/patch.weth.li/htdocs/app/views/admingroupes/index.ctp, line 37]
2011-04-09 19:05:16 Notice: Notice (8): Undefined index:  Groupe in [/var/www/vhost/patch.weth.li/htdocs/app/views/admingroupes/index.ctp, line 40]
2011-04-09 19:05:16 Notice: Notice (8): Undefined index:  Groupe in [/var/www/vhost/patch.weth.li/htdocs/app/views/admingroupes/index.ctp, line 43]
2011-04-09 19:05:16 Notice: Notice (8): Undefined index:  Groupe in [/var/www/vhost/patch.weth.li/htdocs/app/views/admingroupes/index.ctp, line 44]
2011-04-09 19:05:16 Notice: Notice (8): Undefined index:  Groupe in [/var/www/vhost/patch.weth.li/htdocs/app/views/admingroupes/index.ctp, line 45]
2011-04-09 19:06:22 Notice: Notice (8): Undefined property: AdmingroupesController::$Groupe in [/var/www/vhost/patch.weth.li/htdocs/app/controllers/admingroupes_controller.php, line 17]
2011-04-09 19:06:42 Notice: Notice (8): Undefined property: AdmingroupesController::$Groupe in [/var/www/vhost/patch.weth.li/htdocs/app/controllers/admingroupes_controller.php, line 46]
2011-04-09 19:06:55 Notice: Notice (8): Undefined index:  Groupe in [/var/www/vhost/patch.weth.li/htdocs/app/views/users/index.ctp, line 35]
2011-04-09 19:06:58 Notice: Notice (8): Undefined index:  Groupe in [/var/www/vhost/patch.weth.li/htdocs/app/views/rights/index.ctp, line 33]
2011-04-09 19:07:30 Notice: Notice (8): Undefined index:  Groupe in [/var/www/vhost/patch.weth.li/htdocs/app/views/rights/index.ctp, line 33]
2011-04-09 19:07:32 Notice: Notice (8): Undefined index:  Groupe in [/var/www/vhost/patch.weth.li/htdocs/app/views/rights/index.ctp, line 33]
2011-04-09 19:08:38 Notice: Notice (8): Undefined index:  Admingroupe in [/var/www/vhost/patch.weth.li/htdocs/app/views/rights/index.ctp, line 33]
2011-04-09 19:08:58 Notice: Notice (8): Undefined index:  Admingroupe in [/var/www/vhost/patch.weth.li/htdocs/app/views/rights/index.ctp, line 33]
2011-04-09 19:11:08 Notice: Notice (8): Undefined index:  Admingroupe_id in [/var/www/vhost/patch.weth.li/htdocs/app/views/rights/index.ctp, line 33]
2011-04-09 19:12:00 Notice: Notice (8): Undefined index:  admingroupe_id in [/var/www/vhost/patch.weth.li/htdocs/app/views/rights/index.ctp, line 33]
2011-04-09 19:12:02 Notice: Notice (8): Undefined index:  admingroupe_id in [/var/www/vhost/patch.weth.li/htdocs/app/views/rights/index.ctp, line 33]
2011-04-09 19:16:10 Notice: Notice (8): Undefined index:  Groupe in [/var/www/vhost/patch.weth.li/htdocs/app/views/users/index.ctp, line 35]
2011-04-09 19:16:58 Notice: Notice (8): Undefined index:  Groupe in [/var/www/vhost/patch.weth.li/htdocs/app/views/users/index.ctp, line 35]
2011-04-09 20:56:25 Notice: Notice (8): Use of undefined constant User - assumed 'User' in [/var/www/vhost/patch.weth.li/htdocs/app/controllers/users_controller.php, line 19]
2011-04-09 20:56:25 Notice: Notice (8): Undefined property: AuthComponent::$user in [/var/www/vhost/patch.weth.li/htdocs/app/controllers/users_controller.php, line 19]
2011-04-09 20:57:37 Notice: Notice (8): Use of undefined constant User - assumed 'User' in [/var/www/vhost/patch.weth.li/htdocs/app/controllers/users_controller.php, line 20]
2011-04-09 20:59:37 Notice: Notice (8): Use of undefined constant User - assumed 'User' in [/var/www/vhost/patch.weth.li/htdocs/app/controllers/users_controller.php, line 20]
2011-04-09 20:59:37 Notice: Notice (8): Use of undefined constant User - assumed 'User' in [/var/www/vhost/patch.weth.li/htdocs/app/controllers/users_controller.php, line 21]
2011-04-09 20:59:37 Notice: Notice (8): Use of undefined constant email - assumed 'email' in [/var/www/vhost/patch.weth.li/htdocs/app/controllers/users_controller.php, line 21]
2011-04-09 21:01:19 Notice: Notice (8): Use of undefined constant User - assumed 'User' in [/var/www/vhost/patch.weth.li/htdocs/app/controllers/users_controller.php, line 21]
2011-04-09 21:01:19 Notice: Notice (8): Use of undefined constant email - assumed 'email' in [/var/www/vhost/patch.weth.li/htdocs/app/controllers/users_controller.php, line 21]
2011-04-09 21:09:16 Notice: Notice (8): Use of undefined constant email - assumed 'email' in [/var/www/vhost/patch.weth.li/htdocs/app/controllers/users_controller.php, line 21]
2011-04-09 21:22:11 Notice: Notice (8): Undefined variable: Username in [/var/www/vhost/patch.weth.li/htdocs/app/views/users/bo_accueil.ctp, line 8]
2011-04-12 23:56:03 Notice: Notice (8): Undefined variable: Username in [/var/www/vhost/patch.weth.li/htdocs/app/views/users/bo_accueil.ctp, line 8]
2011-04-12 23:56:38 Notice: Notice (8): Undefined index:  Groupe in [/var/www/vhost/patch.weth.li/htdocs/app/views/users/view.ctp, line 11]
2011-04-12 23:57:07 Notice: Notice (8): Undefined index:  Groupe in [/var/www/vhost/patch.weth.li/htdocs/app/views/users/view.ctp, line 11]
2011-04-23 00:42:52 Notice: Notice (8): Undefined index:  Groupe in [/var/www/vhost/patch.weth.li/htdocs/app/views/users/index.ctp, line 35]
2011-04-23 00:42:52 Notice: Notice (8): Undefined index:  Groupe in [/var/www/vhost/patch.weth.li/htdocs/app/views/users/index.ctp, line 35]
2011-04-23 00:49:10 Notice: Notice (8): Use of undefined constant php - assumed 'php' in [/var/www/vhost/patch.weth.li/htdocs/app/views/users/index.ctp, line 35]
2011-04-23 00:49:10 Notice: Notice (8): Undefined index:  Admingroupe_id in [/var/www/vhost/patch.weth.li/htdocs/app/views/users/index.ctp, line 36]
2011-04-23 00:49:32 Notice: Notice (8): Undefined index:  Admingroupe_id in [/var/www/vhost/patch.weth.li/htdocs/app/views/users/index.ctp, line 36]
2011-04-23 00:52:26 Notice: Notice (8): Undefined variable: Username in [/var/www/vhost/patch.weth.li/htdocs/app/views/users/bo_accueil.ctp, line 8]
2011-04-23 00:56:48 Notice: Notice (8): Undefined variable: Username in [/var/www/vhost/patch.weth.li/htdocs/app/views/users/bo_accueil.ctp, line 8]
2011-04-23 00:57:52 Notice: Notice (8): Undefined variable: Username in [/var/www/vhost/patch.weth.li/htdocs/app/views/users/bo_accueil.ctp, line 8]
2011-04-23 00:58:48 Notice: Notice (8): Undefined variable: Username in [/var/www/vhost/patch.weth.li/htdocs/app/views/users/bo_accueil.ctp, line 8]
2011-04-23 00:59:16 Notice: Notice (8): Undefined variable: Username in [/var/www/vhost/patch.weth.li/htdocs/app/views/users/bo_accueil.ctp, line 8]
2011-04-23 00:59:45 Notice: Notice (8): Undefined variable: Username in [/var/www/vhost/patch.weth.li/htdocs/app/views/users/bo_accueil.ctp, line 8]
2011-04-23 04:44:48 Notice: Notice (8): Undefined index:  instrument in [/var/www/vhost/patch.weth.li/htdocs/app/views/soundpatches/view.ctp, line 142]
2011-04-23 04:52:05 Notice: Notice (8): Undefined index:  title in [/var/www/vhost/patch.weth.li/htdocs/app/views/soundpatches/view.ctp, line 140]
2011-04-23 15:04:32 Notice: Notice (8): Undefined variable: paginator in [/var/www/vhost/patch.weth.li/htdocs/app/views/contacts/index.ctp, line 11]
2011-04-23 15:05:29 Notice: Notice (8): Undefined variable: paginator in [/var/www/vhost/patch.weth.li/htdocs/app/views/contacts/index.ctp, line 11]
2011-04-23 15:05:35 Notice: Notice (8): Undefined variable: contact in [/var/www/vhost/patch.weth.li/htdocs/app/views/contacts/view.ctp, line 6]
2011-04-23 15:05:35 Notice: Notice (8): Undefined variable: contact in [/var/www/vhost/patch.weth.li/htdocs/app/views/contacts/view.ctp, line 11]
2011-04-23 15:05:35 Notice: Notice (8): Undefined variable: contact in [/var/www/vhost/patch.weth.li/htdocs/app/views/contacts/view.ctp, line 16]
2011-04-23 15:05:35 Notice: Notice (8): Undefined variable: contact in [/var/www/vhost/patch.weth.li/htdocs/app/views/contacts/view.ctp, line 21]
2011-04-23 15:05:35 Notice: Notice (8): Undefined variable: contact in [/var/www/vhost/patch.weth.li/htdocs/app/views/contacts/view.ctp, line 26]
2011-04-23 15:05:35 Notice: Notice (8): Undefined variable: contact in [/var/www/vhost/patch.weth.li/htdocs/app/views/contacts/view.ctp, line 31]
2011-04-23 15:05:35 Notice: Notice (8): Undefined variable: contact in [/var/www/vhost/patch.weth.li/htdocs/app/views/contacts/view.ctp, line 36]
2011-04-23 15:05:35 Notice: Notice (8): Undefined variable: contact in [/var/www/vhost/patch.weth.li/htdocs/app/views/contacts/view.ctp, line 41]
2011-04-23 15:05:35 Notice: Notice (8): Undefined variable: contact in [/var/www/vhost/patch.weth.li/htdocs/app/views/contacts/view.ctp, line 46]
2011-04-23 15:05:35 Notice: Notice (8): Undefined variable: contact in [/var/www/vhost/patch.weth.li/htdocs/app/views/contacts/view.ctp, line 53]
2011-04-23 15:05:35 Notice: Notice (8): Undefined variable: contact in [/var/www/vhost/patch.weth.li/htdocs/app/views/contacts/view.ctp, line 54]
2011-04-23 15:07:04 Notice: Notice (8): Undefined variable: paginator in [/var/www/vhost/patch.weth.li/htdocs/app/views/contacts/index.ctp, line 11]
2011-04-23 15:07:52 Notice: Notice (8): Undefined variable: paginator in [/var/www/vhost/patch.weth.li/htdocs/app/views/contacts/index.ctp, line 11]
2011-04-23 15:07:54 Notice: Notice (8): Undefined variable: paginator in [/var/www/vhost/patch.weth.li/htdocs/app/views/contacts/index.ctp, line 11]
2011-04-23 15:07:58 Notice: Notice (8): Undefined variable: paginator in [/var/www/vhost/patch.weth.li/htdocs/app/views/contacts/index.ctp, line 11]
2011-04-23 15:08:26 Notice: Notice (8): Undefined variable: paginator in [/var/www/vhost/patch.weth.li/htdocs/app/views/contacts/index.ctp, line 12]
2011-04-23 15:09:14 Notice: Notice (8): Undefined variable: paginator in [/var/www/vhost/patch.weth.li/htdocs/app/views/contacts/index.ctp, line 5]
2011-04-23 16:21:57 Notice: Notice (8): Undefined variable: Id in [/var/www/vhost/patch.weth.li/htdocs/app/views/contacts/edit.ctp, line 8]
2011-04-23 17:12:10 Notice: Notice (8): Undefined variable: Username in [/var/www/vhost/patch.weth.li/htdocs/app/views/users/bo_action_admin.ctp, line 4]
2011-04-23 17:12:10 Notice: Notice (8): Undefined variable: Username in [/var/www/vhost/patch.weth.li/htdocs/app/views/users/bo_action_admin.ctp, line 6]
2011-04-23 17:12:10 Notice: Notice (8): Undefined variable: Id in [/var/www/vhost/patch.weth.li/htdocs/app/views/users/bo_action_admin.ctp, line 6]
2011-04-23 17:12:10 Notice: Notice (8): Undefined variable: IsAdmin in [/var/www/vhost/patch.weth.li/htdocs/app/views/users/bo_action_admin.ctp, line 6]
2011-04-23 17:12:10 Notice: Notice (8): Undefined variable: IsAdmin in [/var/www/vhost/patch.weth.li/htdocs/app/views/users/bo_action_admin.ctp, line 16]
2011-04-23 17:17:51 Notice: Notice (8): Undefined index:  Admingroupe_id in [/var/www/vhost/patch.weth.li/htdocs/app/views/users/index.ctp, line 36]
2011-04-23 17:17:56 Notice: Notice (8): Undefined property: user::$Groupe in [/var/www/vhost/patch.weth.li/htdocs/app/controllers/users_controller.php, line 106]
2011-04-23 17:32:06 Notice: Notice (8): Undefined index:  Admingroupe_id in [/var/www/vhost/patch.weth.li/htdocs/app/views/users/index.ctp, line 36]
2011-04-23 17:40:38 Notice: Notice (8): Undefined property: user::$Groupe in [/var/www/vhost/patch.weth.li/htdocs/app/controllers/users_controller.php, line 126]
2011-04-23 17:41:38 Notice: Notice (8): Undefined property: user::$Adminroupe in [/var/www/vhost/patch.weth.li/htdocs/app/controllers/users_controller.php, line 126]
2011-04-23 17:47:25 Notice: Notice (8): Undefined index:  Admingroupe_id in [/var/www/vhost/patch.weth.li/htdocs/app/views/users/index.ctp, line 36]
2011-04-23 17:47:55 Notice: Notice (8): Undefined index:  Admingroupe_id in [/var/www/vhost/patch.weth.li/htdocs/app/views/users/index.ctp, line 36]
2011-04-23 17:51:06 Notice: Notice (8): Undefined index:  Admingroupe_id in [/var/www/vhost/patch.weth.li/htdocs/app/views/users/index.ctp, line 36]
2011-04-23 18:33:47 Notice: Notice (8): Undefined variable: soundpatch in [/var/www/vhost/patch.weth.li/htdocs/app/views/soundpatches/view.ctp, line 11]
2011-04-23 18:33:47 Notice: Notice (8): Undefined variable: soundpatch in [/var/www/vhost/patch.weth.li/htdocs/app/views/soundpatches/view.ctp, line 26]
2011-04-23 18:33:47 Notice: Notice (8): Undefined variable: soundpatch in [/var/www/vhost/patch.weth.li/htdocs/app/views/soundpatches/view.ctp, line 41]
2011-04-23 18:33:47 Notice: Notice (8): Undefined variable: soundpatch in [/var/www/vhost/patch.weth.li/htdocs/app/views/soundpatches/view.ctp, line 52]
2011-04-23 18:38:18 Notice: Notice (8): Undefined variable: soundpatch in [/var/www/vhost/patch.weth.li/htdocs/app/views/soundpatches/view.ctp, line 11]
2011-04-23 18:38:18 Notice: Notice (8): Undefined variable: soundpatch in [/var/www/vhost/patch.weth.li/htdocs/app/views/soundpatches/view.ctp, line 26]
2011-04-23 18:38:18 Notice: Notice (8): Undefined variable: soundpatch in [/var/www/vhost/patch.weth.li/htdocs/app/views/soundpatches/view.ctp, line 41]
2011-04-23 18:38:18 Notice: Notice (8): Undefined variable: soundpatch in [/var/www/vhost/patch.weth.li/htdocs/app/views/soundpatches/view.ctp, line 52]
2011-04-23 18:39:18 Notice: Notice (8): Undefined variable: soundpatch in [/var/www/vhost/patch.weth.li/htdocs/app/views/soundpatches/view.ctp, line 11]
2011-04-23 18:39:18 Notice: Notice (8): Undefined variable: soundpatch in [/var/www/vhost/patch.weth.li/htdocs/app/views/soundpatches/view.ctp, line 26]
2011-04-23 18:39:18 Notice: Notice (8): Undefined variable: soundpatch in [/var/www/vhost/patch.weth.li/htdocs/app/views/soundpatches/view.ctp, line 41]
2011-04-23 18:39:18 Notice: Notice (8): Undefined variable: soundpatch in [/var/www/vhost/patch.weth.li/htdocs/app/views/soundpatches/view.ctp, line 52]
2011-04-23 18:39:55 Notice: Notice (8): Undefined variable: soundpatch in [/var/www/vhost/patch.weth.li/htdocs/app/views/soundpatches/view.ctp, line 11]
2011-04-23 18:39:55 Notice: Notice (8): Undefined variable: soundpatch in [/var/www/vhost/patch.weth.li/htdocs/app/views/soundpatches/view.ctp, line 26]
2011-04-23 18:39:55 Notice: Notice (8): Undefined variable: soundpatch in [/var/www/vhost/patch.weth.li/htdocs/app/views/soundpatches/view.ctp, line 41]
2011-04-23 18:39:55 Notice: Notice (8): Undefined variable: soundpatch in [/var/www/vhost/patch.weth.li/htdocs/app/views/soundpatches/view.ctp, line 52]
2011-04-23 18:52:20 Notice: Notice (8): Undefined property: SoundpatchesController::$IsAdmin in [/var/www/vhost/patch.weth.li/htdocs/app/app_controller.php, line 39]
2011-04-23 19:11:33 Notice: Notice (8): Undefined property: soundpatch::$Soundpatch in [/var/www/vhost/patch.weth.li/htdocs/app/controllers/soundpatches_controller.php, line 34]
2011-04-23 19:38:20 Notice: Notice (8): Undefined index:  admingroupe_id in [/var/www/vhost/patch.weth.li/htdocs/app/views/rights/index.ctp, line 33]
2011-04-23 19:38:42 Notice: Notice (8): Undefined index:  Groupe in [/var/www/vhost/patch.weth.li/htdocs/app/views/rights/view.ctp, line 11]
2011-04-23 19:53:11 Notice: Notice (8): Undefined index:  Admingroupe_id in [/var/www/vhost/patch.weth.li/htdocs/app/views/users/index.ctp, line 36]
2011-04-23 19:54:58 Notice: Notice (8): Undefined index:  Admingroupe_id in [/var/www/vhost/patch.weth.li/htdocs/app/views/users/index.ctp, line 36]
2011-04-23 19:56:45 Notice: Notice (8): Undefined index:  Admingroupe_id in [/var/www/vhost/patch.weth.li/htdocs/app/views/users/index.ctp, line 36]
2011-04-23 19:57:33 Notice: Notice (8): Undefined index:  Admingroupe_id in [/var/www/vhost/patch.weth.li/htdocs/app/views/users/index.ctp, line 36]
2011-04-23 20:01:11 Notice: Notice (8): Use of undefined constant ’123456789ABCDEFGHIJKLMNPQRSTUVWXYZ’ - assumed '’123456789ABCDEFGHIJKLMNPQRSTUVWXYZ’' in [/var/www/vhost/patch.weth.li/htdocs/app/app_controller.php, line 47]
2011-04-23 20:01:11 Notice: Notice (8): Use of undefined constant ” - assumed '”' in [/var/www/vhost/patch.weth.li/htdocs/app/app_controller.php, line 48]
2011-04-23 20:01:35 Notice: Notice (8): Use of undefined constant ” - assumed '”' in [/var/www/vhost/patch.weth.li/htdocs/app/app_controller.php, line 48]
2011-04-23 20:01:35 Notice: Notice (8): Uninitialized string offset:  34 in [/var/www/vhost/patch.weth.li/htdocs/app/app_controller.php, line 50]
2011-04-23 20:02:05 Notice: Notice (8): Uninitialized string offset:  34 in [/var/www/vhost/patch.weth.li/htdocs/app/app_controller.php, line 50]
2011-04-23 20:02:17 Notice: Notice (8): Undefined index:  Admingroupe_id in [/var/www/vhost/patch.weth.li/htdocs/app/views/users/index.ctp, line 36]
2011-04-23 20:13:26 Notice: Notice (8): Undefined index:  Admingroupe_id in [/var/www/vhost/patch.weth.li/htdocs/app/views/users/index.ctp, line 36]
2011-04-23 20:13:38 Notice: Notice (8): Undefined index:  Admingroupe_id in [/var/www/vhost/patch.weth.li/htdocs/app/views/users/index.ctp, line 36]
2011-04-23 20:14:34 Notice: Notice (8): Undefined index:  Admingroupe_id in [/var/www/vhost/patch.weth.li/htdocs/app/views/users/index.ctp, line 36]
2011-04-23 20:15:54 Notice: Notice (8): Undefined index:  Admingroupe_id in [/var/www/vhost/patch.weth.li/htdocs/app/views/users/index.ctp, line 36]
2011-04-23 20:20:37 Notice: Notice (8): Uninitialized string offset:  34 in [/var/www/vhost/patch.weth.li/htdocs/app/models/user.php, line 28]
2011-04-23 20:21:13 Notice: Notice (8): Undefined index:  Admingroupe_id in [/var/www/vhost/patch.weth.li/htdocs/app/views/users/index.ctp, line 36]
2011-04-23 20:22:05 Notice: Notice (8): Uninitialized string offset:  34 in [/var/www/vhost/patch.weth.li/htdocs/app/models/user.php, line 28]
2011-04-23 20:25:43 Notice: Notice (8): Uninitialized string offset:  34 in [/var/www/vhost/patch.weth.li/htdocs/app/models/user.php, line 28]
2011-04-23 20:28:41 Notice: Notice (8): Undefined index:  Admingroupe_id in [/var/www/vhost/patch.weth.li/htdocs/app/views/users/index.ctp, line 36]
2011-04-23 20:30:26 Notice: Notice (8): Undefined index:  Admingroupe_id in [/var/www/vhost/patch.weth.li/htdocs/app/views/users/index.ctp, line 36]
2011-04-23 20:42:28 Notice: Notice (8): Undefined index:  Admingroupe_id in [/var/www/vhost/patch.weth.li/htdocs/app/views/users/index.ctp, line 36]
2011-04-23 21:31:14 Notice: Notice (8): Uninitialized string offset:  34 in [/var/www/vhost/patch.weth.li/htdocs/app/models/user.php, line 28]
2011-04-23 21:33:06 Notice: Notice (8): Uninitialized string offset:  34 in [/var/www/vhost/patch.weth.li/htdocs/app/models/user.php, line 28]
2011-04-23 21:33:38 Notice: Notice (8): Uninitialized string offset:  34 in [/var/www/vhost/patch.weth.li/htdocs/app/models/user.php, line 28]
2011-04-23 21:40:49 Notice: Notice (8): Uninitialized string offset:  34 in [/var/www/vhost/patch.weth.li/htdocs/app/models/user.php, line 28]
2011-04-23 21:42:00 Notice: Notice (8): Uninitialized string offset:  34 in [/var/www/vhost/patch.weth.li/htdocs/app/models/user.php, line 28]
2011-04-23 21:46:42 Notice: Notice (8): Undefined variable: str in [/var/www/vhost/patch.weth.li/htdocs/app/models/user.php, line 27]
2011-04-23 21:48:30 Notice: Notice (8): Undefined variable: str in [/var/www/vhost/patch.weth.li/htdocs/app/models/user.php, line 26]
2011-04-23 21:48:55 Notice: Notice (8): Undefined index:  Admingroupe_id in [/var/www/vhost/patch.weth.li/htdocs/app/views/users/index.ctp, line 36]
2011-04-23 21:49:08 Notice: Notice (8): Undefined index:  Admingroupe_id in [/var/www/vhost/patch.weth.li/htdocs/app/views/users/index.ctp, line 36]
2011-04-23 21:59:54 Notice: Notice (8): Undefined index:  Admingroupe_id in [/var/www/vhost/patch.weth.li/htdocs/app/views/users/index.ctp, line 36]
2011-04-23 22:01:28 Notice: Notice (8): Undefined index:  Admingroupe_id in [/var/www/vhost/patch.weth.li/htdocs/app/views/users/index.ctp, line 36]
2011-04-23 22:02:00 Notice: Notice (8): Undefined index:  Admingroupe_id in [/var/www/vhost/patch.weth.li/htdocs/app/views/users/index.ctp, line 36]
2011-04-23 22:16:39 Notice: Notice (8): Undefined property: UsersController::$Email in [/var/www/vhost/patch.weth.li/htdocs/app/app_controller.php, line 45]
2011-04-23 23:15:49 Notice: Notice (8): Undefined property: UsersController::$Contact in [/var/www/vhost/patch.weth.li/htdocs/app/app_controller.php, line 77]
2011-04-23 23:17:01 Notice: Notice (8): Undefined property: UsersController::$Contact in [/var/www/vhost/patch.weth.li/htdocs/app/app_controller.php, line 78]
2011-04-24 01:47:22 Notice: Notice (8): Undefined index:  Admingroupe_id in [/var/www/vhost/patch.weth.li/htdocs/app/views/users/index.ctp, line 36]
2011-04-30 16:29:56 Notice: Notice (8): Undefined index:  Admingroupe_id in [/var/www/vhost/patch.weth.li/htdocs/app/views/users/index.ctp, line 36]
2011-04-30 16:30:25 Notice: Notice (8): Undefined variable: paginator in [/var/www/vhost/patch.weth.li/htdocs/app/views/contacts/index.ctp, line 13]
2011-04-30 16:30:31 Notice: Notice (8): Undefined variable: paginator in [/var/www/vhost/patch.weth.li/htdocs/app/views/contacts/index.ctp, line 13]
2011-04-30 16:56:00 Notice: Notice (8): Undefined variable: params in [/var/www/vhost/patch.weth.li/htdocs/app/controllers/components/patch.php, line 13]
2011-04-30 16:58:57 Notice: Notice (8): Undefined variable: params in [/var/www/vhost/patch.weth.li/htdocs/app/controllers/components/patch.php, line 13]
2011-04-30 17:00:31 Notice: Notice (8): Undefined variable: params in [/var/www/vhost/patch.weth.li/htdocs/app/controllers/users_controller.php, line 48]
2011-04-30 17:00:47 Notice: Notice (8): Undefined variable: params in [/var/www/vhost/patch.weth.li/htdocs/app/controllers/users_controller.php, line 48]
2011-04-30 17:02:51 Notice: Notice (8): Array to string conversion in [/var/www/vhost/patch.weth.li/htdocs/app/controllers/components/patch.php, line 13]
2011-04-30 17:02:51 Notice: Notice (8): Undefined property: PatchComponent::$Array in [/var/www/vhost/patch.weth.li/htdocs/app/controllers/components/patch.php, line 13]
2011-04-30 17:29:08 Notice: Notice (8): Undefined property: PatchComponent::$Auth in [/var/www/vhost/patch.weth.li/htdocs/app/controllers/components/patch.php, line 22]
2011-04-30 17:34:42 Notice: Notice (8): Undefined property: PatchComponent::$Auth in [/var/www/vhost/patch.weth.li/htdocs/app/controllers/components/patch.php, line 25]
2011-04-30 17:36:04 Notice: Notice (8): Undefined property: PatchComponent::$Auth in [/var/www/vhost/patch.weth.li/htdocs/app/controllers/components/patch.php, line 25]
2011-04-30 17:36:07 Notice: Notice (8): Undefined property: PatchComponent::$Auth in [/var/www/vhost/patch.weth.li/htdocs/app/controllers/components/patch.php, line 25]
2011-04-30 17:43:03 Notice: Notice (8): Undefined property: PatchComponent::$App in [/var/www/vhost/patch.weth.li/htdocs/app/controllers/components/patch.php, line 25]
2011-04-30 17:43:03 Notice: Notice (8): Trying to get property of non-object in [/var/www/vhost/patch.weth.li/htdocs/app/controllers/components/patch.php, line 25]
2011-04-30 17:49:18 Notice: Notice (8): Undefined property: PatchComponent::$Patch in [/var/www/vhost/patch.weth.li/htdocs/app/controllers/soundpatches_controller.php, line 12]
2011-04-30 18:21:22 Notice: Notice (8): Undefined variable: print_r in [/var/www/vhost/patch.weth.li/htdocs/app/controllers/components/patch.php, line 34]
2011-04-30 18:38:52 Notice: Notice (8): Undefined index:  soundpatch in [/var/www/vhost/patch.weth.li/htdocs/app/controllers/components/patch.php, line 36]
2011-04-30 18:39:21 Notice: Notice (8): Undefined index:  $controller in [/var/www/vhost/patch.weth.li/htdocs/app/controllers/components/patch.php, line 36]
2011-04-30 18:40:17 Notice: Notice (8): Undefined index:  $controller in [/var/www/vhost/patch.weth.li/htdocs/app/controllers/components/patch.php, line 36]
2011-04-30 18:40:44 Notice: Notice (8): Undefined index:  soundpatch in [/var/www/vhost/patch.weth.li/htdocs/app/controllers/components/patch.php, line 36]
2011-04-30 18:42:49 Notice: Notice (8): Undefined index:  soundpatch in [/var/www/vhost/patch.weth.li/htdocs/app/controllers/components/patch.php, line 36]
2011-04-30 18:53:09 Notice: Notice (8): Undefined variable: soundpatch in [/var/www/vhost/patch.weth.li/htdocs/app/controllers/components/patch.php, line 36]
2011-04-30 18:53:09 Notice: Notice (8): Undefined index:   in [/var/www/vhost/patch.weth.li/htdocs/app/controllers/components/patch.php, line 36]
2011-04-30 18:53:48 Notice: Notice (8): Undefined index:  soundpatch in [/var/www/vhost/patch.weth.li/htdocs/app/controllers/components/patch.php, line 36]
2011-04-30 18:56:06 Notice: Notice (8): Undefined index:  soundpatch in [/var/www/vhost/patch.weth.li/htdocs/app/controllers/components/patch.php, line 36]
2011-04-30 19:02:23 Notice: Notice (8): Undefined index:  soundpatch in [/var/www/vhost/patch.weth.li/htdocs/app/controllers/components/patch.php, line 34]
2011-04-30 19:05:04 Notice: Notice (8): Undefined index:  soundpatch in [/var/www/vhost/patch.weth.li/htdocs/app/controllers/components/patch.php, line 34]
2011-04-30 19:09:10 Notice: Notice (8): Undefined variable: controller_name in [/var/www/vhost/patch.weth.li/htdocs/app/controllers/components/patch.php, line 33]
2011-04-30 19:10:42 Notice: Notice (8): Undefined variable: controller_name in [/var/www/vhost/patch.weth.li/htdocs/app/controllers/components/patch.php, line 34]
2011-04-30 19:43:53 Notice: Notice (8): Undefined property: PatchComponent::$User in [/var/www/vhost/patch.weth.li/htdocs/app/controllers/components/patch.php, line 79]
2011-04-30 19:43:53 Notice: Notice (8): Trying to get property of non-object in [/var/www/vhost/patch.weth.li/htdocs/app/controllers/components/patch.php, line 79]
2011-04-30 19:53:53 Notice: Notice (8): Undefined property: PatchComponent::$User in [/var/www/vhost/patch.weth.li/htdocs/app/controllers/components/patch.php, line 79]
2011-04-30 19:53:53 Notice: Notice (8): Trying to get property of non-object in [/var/www/vhost/patch.weth.li/htdocs/app/controllers/components/patch.php, line 79]
2011-04-30 19:54:12 Notice: Notice (8): Undefined property: PatchComponent::$User in [/var/www/vhost/patch.weth.li/htdocs/app/controllers/components/patch.php, line 79]
2011-04-30 19:54:12 Notice: Notice (8): Trying to get property of non-object in [/var/www/vhost/patch.weth.li/htdocs/app/controllers/components/patch.php, line 79]
2011-04-30 20:07:47 Notice: Notice (8): Undefined property: PatchComponent::$User in [/var/www/vhost/patch.weth.li/htdocs/app/controllers/components/patch.php, line 79]
2011-04-30 20:07:47 Notice: Notice (8): Trying to get property of non-object in [/var/www/vhost/patch.weth.li/htdocs/app/controllers/components/patch.php, line 79]
2011-04-30 20:09:51 Notice: Notice (8): Undefined property: PatchComponent::$User in [/var/www/vhost/patch.weth.li/htdocs/app/controllers/components/patch.php, line 79]
2011-04-30 20:09:51 Notice: Notice (8): Trying to get property of non-object in [/var/www/vhost/patch.weth.li/htdocs/app/controllers/components/patch.php, line 79]
2011-04-30 20:16:03 Notice: Notice (8): Undefined property: AuthComponent::$User in [/var/www/vhost/patch.weth.li/htdocs/app/controllers/components/patch.php, line 79]
2011-04-30 20:16:03 Notice: Notice (8): Trying to get property of non-object in [/var/www/vhost/patch.weth.li/htdocs/app/controllers/components/patch.php, line 79]
2011-04-30 20:18:44 Notice: Notice (8): Undefined property: PatchComponent::$User in [/var/www/vhost/patch.weth.li/htdocs/app/controllers/components/patch.php, line 79]
2011-04-30 20:18:44 Notice: Notice (8): Trying to get property of non-object in [/var/www/vhost/patch.weth.li/htdocs/app/controllers/components/patch.php, line 79]
2011-04-30 20:19:45 Notice: Notice (8): Undefined property: PatchComponent::$User in [/var/www/vhost/patch.weth.li/htdocs/app/controllers/components/patch.php, line 79]
2011-04-30 20:19:45 Notice: Notice (8): Trying to get property of non-object in [/var/www/vhost/patch.weth.li/htdocs/app/controllers/components/patch.php, line 79]
2011-04-30 20:19:48 Notice: Notice (8): Undefined property: PatchComponent::$User in [/var/www/vhost/patch.weth.li/htdocs/app/controllers/components/patch.php, line 79]
2011-04-30 20:19:48 Notice: Notice (8): Trying to get property of non-object in [/var/www/vhost/patch.weth.li/htdocs/app/controllers/components/patch.php, line 79]
2011-04-30 20:20:09 Notice: Notice (8): Undefined property: UsersController::$Soundpatch in [/var/www/vhost/patch.weth.li/htdocs/app/controllers/components/patch.php, line 80]
2011-04-30 20:32:35 Notice: Notice (8): Undefined variable: User in [/var/www/vhost/patch.weth.li/htdocs/app/controllers/users_controller.php, line 158]
2011-04-30 20:32:35 Notice: Notice (8): Trying to get property of non-object in [/var/www/vhost/patch.weth.li/htdocs/app/controllers/users_controller.php, line 159]
2011-04-30 20:33:33 Notice: Notice (8): Undefined variable: User in [/var/www/vhost/patch.weth.li/htdocs/app/controllers/users_controller.php, line 158]
2011-04-30 20:33:33 Notice: Notice (8): Trying to get property of non-object in [/var/www/vhost/patch.weth.li/htdocs/app/controllers/users_controller.php, line 159]
2011-04-30 20:52:53 Notice: Notice (8): Undefined variable: new_soundpatch_id in [/var/www/vhost/patch.weth.li/htdocs/app/controllers/users_controller.php, line 160]
2011-04-30 21:21:56 Notice: Notice (8): Undefined property: user::$Track in [/var/www/vhost/patch.weth.li/htdocs/app/controllers/users_controller.php, line 167]
2011-04-30 21:23:35 Notice: Notice (8): Undefined property: user::$Track in [/var/www/vhost/patch.weth.li/htdocs/app/controllers/users_controller.php, line 166]
2011-04-30 21:26:12 Notice: Notice (8): Undefined property: user::$Track in [/var/www/vhost/patch.weth.li/htdocs/app/controllers/users_controller.php, line 167]
2011-04-30 21:29:16 Notice: Notice (8): Undefined property: soundpatch::$Soundpatch in [/var/www/vhost/patch.weth.li/htdocs/app/controllers/users_controller.php, line 170]
2011-04-30 21:29:16 Notice: Notice (8): Trying to get property of non-object in [/var/www/vhost/patch.weth.li/htdocs/app/controllers/users_controller.php, line 170]
2011-04-30 21:30:14 Notice: Notice (8): Undefined index:  name in [/var/www/vhost/patch.weth.li/htdocs/app/views/soundpatches/view.ctp, line 143]
2011-04-30 21:30:14 Notice: Notice (8): Undefined index:  title in [/var/www/vhost/patch.weth.li/htdocs/app/views/soundpatches/view.ctp, line 145]
2011-04-30 21:30:14 Notice: Notice (8): Undefined index:  title in [/var/www/vhost/patch.weth.li/htdocs/app/views/soundpatches/view.ctp, line 146]
2011-04-30 21:30:14 Notice: Notice (8): Undefined index:  title in [/var/www/vhost/patch.weth.li/htdocs/app/views/soundpatches/view.ctp, line 147]
2011-04-30 21:30:14 Notice: Notice (8): Undefined index:  title in [/var/www/vhost/patch.weth.li/htdocs/app/views/soundpatches/view.ctp, line 148]
2011-04-30 21:30:14 Notice: Notice (8): Undefined index:  title in [/var/www/vhost/patch.weth.li/htdocs/app/views/soundpatches/view.ctp, line 149]
2011-04-30 21:33:39 Notice: Notice (8): Undefined index:  name in [/var/www/vhost/patch.weth.li/htdocs/app/views/soundpatches/view.ctp, line 143]
2011-04-30 21:33:39 Notice: Notice (8): Undefined index:  title in [/var/www/vhost/patch.weth.li/htdocs/app/views/soundpatches/view.ctp, line 145]
2011-04-30 21:33:39 Notice: Notice (8): Undefined index:  title in [/var/www/vhost/patch.weth.li/htdocs/app/views/soundpatches/view.ctp, line 146]
2011-04-30 21:33:39 Notice: Notice (8): Undefined index:  title in [/var/www/vhost/patch.weth.li/htdocs/app/views/soundpatches/view.ctp, line 147]
2011-04-30 21:33:39 Notice: Notice (8): Undefined index:  title in [/var/www/vhost/patch.weth.li/htdocs/app/views/soundpatches/view.ctp, line 148]
2011-04-30 21:33:39 Notice: Notice (8): Undefined index:  title in [/var/www/vhost/patch.weth.li/htdocs/app/views/soundpatches/view.ctp, line 149]
2011-04-30 21:34:12 Notice: Notice (8): Undefined index:  name in [/var/www/vhost/patch.weth.li/htdocs/app/views/soundpatches/view.ctp, line 143]
2011-04-30 21:34:12 Notice: Notice (8): Undefined index:  title in [/var/www/vhost/patch.weth.li/htdocs/app/views/soundpatches/view.ctp, line 145]
2011-04-30 21:34:12 Notice: Notice (8): Undefined index:  title in [/var/www/vhost/patch.weth.li/htdocs/app/views/soundpatches/view.ctp, line 146]
2011-04-30 21:34:12 Notice: Notice (8): Undefined index:  title in [/var/www/vhost/patch.weth.li/htdocs/app/views/soundpatches/view.ctp, line 147]
2011-04-30 21:34:12 Notice: Notice (8): Undefined index:  title in [/var/www/vhost/patch.weth.li/htdocs/app/views/soundpatches/view.ctp, line 148]
2011-04-30 21:34:12 Notice: Notice (8): Undefined index:  title in [/var/www/vhost/patch.weth.li/htdocs/app/views/soundpatches/view.ctp, line 149]
2011-04-30 21:46:30 Notice: Notice (8): Undefined index:  Admingroupe_id in [/var/www/vhost/patch.weth.li/htdocs/app/views/users/index.ctp, line 36]
2011-04-30 22:29:11 Notice: Notice (8): Undefined property: TracksController::$Patch in [/var/www/vhost/patch.weth.li/htdocs/app/controllers/tracks_controller.php, line 58]
2011-05-01 03:30:42 Notice: Notice (8): Undefined variable: paginator in [/var/www/vhost/patch.weth.li/htdocs/app/views/soundpatches/index.ctp, line 15]
2011-05-01 16:58:38 Notice: Notice (8): Undefined index:  soundpatch_id in [/var/www/vhost/patch.weth.li/htdocs/app/controllers/tracks_controller.php, line 54]
2011-05-01 17:03:53 Notice: Notice (8): Undefined variable: view/133 in [/var/www/vhost/patch.weth.li/htdocs/app/controllers/tracks_controller.php, line 52]
2011-05-01 17:04:40 Notice: Notice (8): Undefined variable: view/133 in [/var/www/vhost/patch.weth.li/htdocs/app/controllers/tracks_controller.php, line 52]
2011-05-01 17:04:56 Notice: Notice (8): Undefined variable: view/133 in [/var/www/vhost/patch.weth.li/htdocs/app/controllers/tracks_controller.php, line 52]
2011-05-01 17:34:00 Notice: Notice (8): Undefined index:  rank in [/var/www/vhost/patch.weth.li/htdocs/app/views/soundpatches/view.ctp, line 116]
2011-05-01 17:55:22 Notice: Notice (8): Undefined index:  Admingroupe_id in [/var/www/vhost/patch.weth.li/htdocs/app/views/users/index.ctp, line 36]
2011-05-01 17:57:15 Notice: Notice (8): Undefined index:  Admingroupe_id in [/var/www/vhost/patch.weth.li/htdocs/app/views/users/index.ctp, line 36]
2011-05-01 18:20:42 Notice: Notice (8): Undefined property: PatchComponent::$Email in [/var/www/vhost/patch.weth.li/htdocs/app/controllers/components/patch.php, line 40]
2011-05-01 18:21:24 Notice: Notice (8): Undefined property: PatchComponent::$Email in [/var/www/vhost/patch.weth.li/htdocs/app/controllers/components/patch.php, line 40]
2011-05-01 18:24:34 Notice: Notice (8): Undefined property: PatchComponent::$Session in [/var/www/vhost/patch.weth.li/htdocs/app/controllers/components/patch.php, line 49]
2011-05-01 18:44:31 Notice: Notice (8): Undefined index:  Admingroupe_id in [/var/www/vhost/patch.weth.li/htdocs/app/views/users/index.ctp, line 36]
2011-05-01 18:47:01 Notice: Notice (8): Undefined property: user::$Patch in [/var/www/vhost/patch.weth.li/htdocs/app/models/user.php, line 24]
2011-05-01 18:54:04 Notice: Notice (8): Undefined property: user::$Patch in [/var/www/vhost/patch.weth.li/htdocs/app/models/user.php, line 25]
2011-05-01 19:14:30 Notice: Notice (8): Undefined variable: params in [/var/www/vhost/patch.weth.li/htdocs/app/controllers/components/patch.php, line 65]
2011-05-01 19:28:16 Notice: Notice (8): Undefined property: PatchComponent::$getToken in [/var/www/vhost/patch.weth.li/htdocs/app/models/user.php, line 12]
2011-05-01 19:33:33 Notice: Notice (8): Undefined property: PatchComponent::$Auth in [/var/www/vhost/patch.weth.li/htdocs/app/controllers/components/patch.php, line 21]
2011-05-01 19:34:05 Notice: Notice (8): Undefined property: PatchComponent::$Auth in [/var/www/vhost/patch.weth.li/htdocs/app/controllers/components/patch.php, line 21]
2011-05-01 19:40:46 Notice: Notice (8): Undefined index:  actif in [/var/www/vhost/patch.weth.li/htdocs/app/models/user.php, line 11]
2011-05-01 20:39:21 Notice: Notice (8): Undefined variable: Token in [/var/www/vhost/patch.weth.li/htdocs/app/controllers/users_controller.php, line 103]
2011-05-01 20:39:21 Notice: Notice (8): Undefined variable: token in [/var/www/vhost/patch.weth.li/htdocs/app/controllers/components/patch.php, line 42]
2011-05-01 20:50:49 Notice: Notice (8): Undefined variable: token in [/var/www/vhost/patch.weth.li/htdocs/app/controllers/users_controller.php, line 103]
2011-05-01 23:17:10 Notice: Notice (8): Undefined index:  Admingroupe_id in [/var/www/vhost/patch.weth.li/htdocs/app/views/users/index.ctp, line 36]
2011-05-01 23:24:32 Notice: Notice (8): Undefined index:  admingroupe_id in [/var/www/vhost/patch.weth.li/htdocs/app/views/rights/index.ctp, line 33]
2011-05-02 16:39:33 Notice: Notice (8): Undefined variable: paginator in [/var/www/vhost/patch.weth.li/htdocs/app/views/soundpatches/index.ctp, line 15]
2011-05-02 16:39:38 Notice: Notice (8): Undefined variable: paginator in [/var/www/vhost/patch.weth.li/htdocs/app/views/soundpatches/index.ctp, line 15]
2011-05-02 18:01:35 Notice: Notice (8): Undefined variable: paginator in [/var/www/vhost/patch.weth.li/htdocs/app/views/soundpatches/index.ctp, line 15]
2011-05-02 21:59:00 Notice: Notice (8): Undefined variable: paginator in [/var/www/vhost/patch.weth.li/htdocs/app/views/soundpatches/index.ctp, line 15]
2011-05-26 20:29:43 Notice: Notice (8): Undefined property: Configure::$controllerPaths in [/var/www/vhost/patch.weth.li/htdocs/app/views/pages/home.ctp, line 19]
2011-05-26 21:13:09 Notice: Notice (8): Undefined property: user::$Patch in [/var/www/vhost/patch.weth.li/htdocs/app/models/user.php, line 10]
2011-05-26 22:24:21 Notice: Notice (8): Undefined index:  Admingroupe_id in [/var/www/vhost/patch.weth.li/htdocs/app/views/users/index.ctp, line 36]
2011-05-26 22:45:56 Notice: Notice (8): Undefined index:  admingroupe_id in [/var/www/vhost/patch.weth.li/htdocs/app/views/rights/index.ctp, line 33]
2011-05-26 22:51:20 Notice: Notice (8): Undefined index:  admingroupe_id in [/var/www/vhost/patch.weth.li/htdocs/app/views/rights/index.ctp, line 33]
2011-05-27 19:20:40 Notice: Notice (8): Undefined index:  admingroupe_id in [/var/www/vhost/patch.weth.li/htdocs/app/views/rights/index.ctp, line 33]
2011-05-27 19:20:46 Notice: Notice (8): Undefined property: right::$Groupe in [/var/www/vhost/patch.weth.li/htdocs/app/controllers/rights_controller.php, line 30]
2011-05-27 19:20:53 Notice: Notice (8): Undefined index:  Admingroupe_id in [/var/www/vhost/patch.weth.li/htdocs/app/views/users/index.ctp, line 36]
2011-05-27 19:28:49 Notice: Notice (8): Undefined index:  admingroupe_id in [/var/www/vhost/patch.weth.li/htdocs/app/views/rights/index.ctp, line 33]
2011-05-27 19:28:58 Notice: Notice (8): Undefined index:  Admingroupe_id in [/var/www/vhost/patch.weth.li/htdocs/app/views/users/index.ctp, line 36]
2011-05-27 19:32:25 Notice: Notice (8): Undefined index:  Admingroupe_id in [/var/www/vhost/patch.weth.li/htdocs/app/views/users/index.ctp, line 36]
2011-05-27 19:33:50 Notice: Notice (8): Undefined index:  Admingroupe_id in [/var/www/vhost/patch.weth.li/htdocs/app/views/users/index.ctp, line 45]
2011-05-27 19:34:39 Notice: Notice (8): Undefined index:  Admingroupe_id in [/var/www/vhost/patch.weth.li/htdocs/app/views/users/index.ctp, line 38]
2011-05-27 19:35:04 Notice: Notice (8): Undefined index:  Admingroupe_id in [/var/www/vhost/patch.weth.li/htdocs/app/views/users/index.ctp, line 38]
2011-05-27 19:35:22 Notice: Notice (8): Undefined index:  Admingroupe_id in [/var/www/vhost/patch.weth.li/htdocs/app/views/users/index.ctp, line 38]
2011-05-27 19:41:31 Notice: Notice (8): Undefined index:  Admingroupes in [/var/www/vhost/patch.weth.li/htdocs/app/views/users/index.ctp, line 38]
2011-05-27 19:41:31 Notice: Notice (8): Undefined index:  Admingroupe_id in [/var/www/vhost/patch.weth.li/htdocs/app/views/users/index.ctp, line 38]
2011-05-27 19:42:04 Notice: Notice (8): Undefined index:  Admingroupes in [/var/www/vhost/patch.weth.li/htdocs/app/views/users/index.ctp, line 38]
2011-05-27 19:43:12 Notice: Notice (8): Undefined index:  Admingroupes in [/var/www/vhost/patch.weth.li/htdocs/app/views/users/index.ctp, line 38]
2011-05-27 19:43:17 Notice: Notice (8): Undefined index:  Admingroupes in [/var/www/vhost/patch.weth.li/htdocs/app/views/users/index.ctp, line 38]
2011-05-27 19:47:08 Notice: Notice (8): Undefined index:  Admingroupes in [/var/www/vhost/patch.weth.li/htdocs/app/views/users/index.ctp, line 39]
2011-05-27 19:48:15 Notice: Notice (8): Undefined index:  Admingroupes in [/var/www/vhost/patch.weth.li/htdocs/app/views/users/index.ctp, line 39]
2011-05-27 19:48:15 Notice: Notice (8): Undefined index:  Admingroupes in [/var/www/vhost/patch.weth.li/htdocs/app/views/users/index.ctp, line 40]
2011-05-27 19:48:43 Notice: Notice (8): Undefined index:  Admingroupes in [/var/www/vhost/patch.weth.li/htdocs/app/views/users/index.ctp, line 39]
2011-05-27 19:50:46 Notice: Notice (8): Undefined index:  Admingroupes in [/var/www/vhost/patch.weth.li/htdocs/app/views/users/index.ctp, line 39]
2011-05-27 19:55:22 Notice: Notice (8): Undefined index:  admingroupe_id in [/var/www/vhost/patch.weth.li/htdocs/app/views/rights/index.ctp, line 33]
2011-05-27 19:56:40 Notice: Notice (8): Undefined index:  admingroupe in [/var/www/vhost/patch.weth.li/htdocs/app/views/rights/index.ctp, line 33]
2011-05-27 19:57:13 Notice: Notice (8): Undefined index:  Admingroupe in [/var/www/vhost/patch.weth.li/htdocs/app/views/rights/index.ctp, line 33]
2011-05-27 19:57:18 Notice: Notice (8): Undefined index:  Admingroupe in [/var/www/vhost/patch.weth.li/htdocs/app/views/rights/index.ctp, line 33]
2011-05-27 19:58:04 Notice: Notice (8): Undefined index:  Admingroupe in [/var/www/vhost/patch.weth.li/htdocs/app/views/rights/index.ctp, line 33]
2011-05-27 19:58:07 Notice: Notice (8): Undefined index:  Admingroupe in [/var/www/vhost/patch.weth.li/htdocs/app/views/rights/index.ctp, line 33]
2011-05-27 19:58:35 Notice: Notice (8): Undefined index:  Admingroupe in [/var/www/vhost/patch.weth.li/htdocs/app/views/rights/index.ctp, line 33]
2011-05-27 20:00:33 Notice: Notice (8): Undefined index:  Admingroupe in [/var/www/vhost/patch.weth.li/htdocs/app/views/rights/index.ctp, line 34]
2011-05-27 20:00:33 Notice: Notice (8): Undefined index:  Admingroupe in [/var/www/vhost/patch.weth.li/htdocs/app/views/rights/index.ctp, line 35]
2011-05-27 20:01:13 Notice: Notice (8): Undefined index:  Admingroupe in [/var/www/vhost/patch.weth.li/htdocs/app/views/rights/index.ctp, line 35]
2011-05-27 20:16:09 Notice: Notice (8): Undefined variable: IsAdmin in [/var/www/vhost/patch.weth.li/htdocs/app/views/rights/index.ctp, line 61]
