2011-04-09 14:52:25 Warning: Warning (2): Cannot modify header information - headers already sent by (output started at /var/www/vhost/test4.weth.li/htdocs/cake/libs/debugger.php:673) in [/var/www/vhost/test4.weth.li/htdocs/cake/libs/controller/controller.php, line 742]
2011-04-09 14:52:35 Warning: Warning (2): Cannot modify header information - headers already sent by (output started at /var/www/vhost/test4.weth.li/htdocs/cake/libs/debugger.php:673) in [/var/www/vhost/test4.weth.li/htdocs/cake/libs/controller/controller.php, line 742]
2011-04-09 14:52:42 Warning: Warning (2): Cannot modify header information - headers already sent by (output started at /var/www/vhost/test4.weth.li/htdocs/cake/libs/debugger.php:673) in [/var/www/vhost/test4.weth.li/htdocs/cake/libs/controller/controller.php, line 742]
2011-04-09 14:53:00 Warning: Warning (2): Cannot modify header information - headers already sent by (output started at /var/www/vhost/test4.weth.li/htdocs/cake/libs/debugger.php:673) in [/var/www/vhost/test4.weth.li/htdocs/cake/libs/controller/controller.php, line 742]
2011-04-09 15:10:17 Warning: Warning (2): Cannot modify header information - headers already sent by (output started at /var/www/vhost/test4.weth.li/htdocs/cake/libs/debugger.php:673) in [/var/www/vhost/test4.weth.li/htdocs/cake/libs/controller/controller.php, line 742]
2011-04-09 15:10:43 Warning: Warning (512): Auth::isAuthorized() - $authorize is set to an incorrect value.  Allowed settings are: "actions", "crud", "model" or null. in [/var/www/vhost/test4.weth.li/htdocs/cake/libs/controller/components/auth.php, line 570]
2011-04-09 15:10:43 Warning: Warning (2): Cannot modify header information - headers already sent by (output started at /var/www/vhost/test4.weth.li/htdocs/cake/libs/debugger.php:673) in [/var/www/vhost/test4.weth.li/htdocs/cake/libs/controller/controller.php, line 742]
2011-04-09 15:10:55 Warning: Warning (512): Auth::isAuthorized() - $authorize is set to an incorrect value.  Allowed settings are: "actions", "crud", "model" or null. in [/var/www/vhost/test4.weth.li/htdocs/cake/libs/controller/components/auth.php, line 570]
2011-04-09 15:10:55 Warning: Warning (2): Cannot modify header information - headers already sent by (output started at /var/www/vhost/test4.weth.li/htdocs/cake/libs/debugger.php:673) in [/var/www/vhost/test4.weth.li/htdocs/cake/libs/controller/controller.php, line 742]
2011-04-09 15:10:57 Warning: Warning (2): Cannot modify header information - headers already sent by (output started at /var/www/vhost/test4.weth.li/htdocs/cake/libs/debugger.php:673) in [/var/www/vhost/test4.weth.li/htdocs/cake/libs/controller/controller.php, line 742]
2011-04-09 15:11:06 Warning: Warning (512): Auth::isAuthorized() - $authorize is set to an incorrect value.  Allowed settings are: "actions", "crud", "model" or null. in [/var/www/vhost/test4.weth.li/htdocs/cake/libs/controller/components/auth.php, line 570]
2011-04-09 15:11:06 Warning: Warning (2): Cannot modify header information - headers already sent by (output started at /var/www/vhost/test4.weth.li/htdocs/cake/libs/debugger.php:673) in [/var/www/vhost/test4.weth.li/htdocs/cake/libs/controller/controller.php, line 742]
2011-04-09 15:11:09 Warning: Warning (2): Cannot modify header information - headers already sent by (output started at /var/www/vhost/test4.weth.li/htdocs/cake/libs/debugger.php:673) in [/var/www/vhost/test4.weth.li/htdocs/cake/libs/controller/controller.php, line 742]
2011-04-09 15:11:48 Warning: Warning (512): Auth::isAuthorized() - $authorize is set to an incorrect value.  Allowed settings are: "actions", "crud", "model" or null. in [/var/www/vhost/test4.weth.li/htdocs/cake/libs/controller/components/auth.php, line 570]
2011-04-09 15:11:48 Warning: Warning (2): Cannot modify header information - headers already sent by (output started at /var/www/vhost/test4.weth.li/htdocs/cake/libs/debugger.php:673) in [/var/www/vhost/test4.weth.li/htdocs/cake/libs/controller/controller.php, line 742]
2011-04-09 15:11:53 Warning: Warning (2): Cannot modify header information - headers already sent by (output started at /var/www/vhost/test4.weth.li/htdocs/cake/libs/debugger.php:673) in [/var/www/vhost/test4.weth.li/htdocs/cake/libs/controller/controller.php, line 742]
2011-04-09 15:12:44 Warning: Warning (2): Cannot modify header information - headers already sent by (output started at /var/www/vhost/test4.weth.li/htdocs/cake/libs/debugger.php:673) in [/var/www/vhost/test4.weth.li/htdocs/cake/libs/controller/controller.php, line 742]
2011-04-09 15:13:23 Warning: Warning (2): Cannot modify header information - headers already sent by (output started at /var/www/vhost/test4.weth.li/htdocs/cake/libs/debugger.php:673) in [/var/www/vhost/test4.weth.li/htdocs/cake/libs/controller/controller.php, line 742]
2011-04-09 15:17:28 Warning: Warning (2): Cannot modify header information - headers already sent by (output started at /var/www/vhost/patch.weth.li/htdocs/cake/libs/debugger.php:673) in [/var/www/vhost/patch.weth.li/htdocs/cake/libs/controller/controller.php, line 742]
2011-04-09 15:19:31 Warning: Warning (2): Cannot modify header information - headers already sent by (output started at /var/www/vhost/patch.weth.li/htdocs/app/controllers/app_controller.php:155) in [/var/www/vhost/patch.weth.li/htdocs/cake/libs/controller/controller.php, line 742]
2011-04-09 15:19:32 Warning: Warning (2): Cannot modify header information - headers already sent by (output started at /var/www/vhost/patch.weth.li/htdocs/app/controllers/app_controller.php:155) in [/var/www/vhost/patch.weth.li/htdocs/cake/libs/controller/controller.php, line 742]
2011-04-09 15:19:38 Warning: Warning (2): Cannot modify header information - headers already sent by (output started at /var/www/vhost/patch.weth.li/htdocs/app/controllers/app_controller.php:155) in [/var/www/vhost/patch.weth.li/htdocs/cake/libs/controller/controller.php, line 742]
2011-04-09 15:19:38 Warning: Warning (2): Cannot modify header information - headers already sent by (output started at /var/www/vhost/patch.weth.li/htdocs/app/controllers/app_controller.php:155) in [/var/www/vhost/patch.weth.li/htdocs/cake/libs/controller/controller.php, line 742]
2011-04-09 15:22:45 Warning: Warning (2): Invalid argument supplied for foreach() in [/var/www/vhost/patch.weth.li/htdocs/app/controllers/components/controller_list.php, line 19]
2011-04-09 15:22:45 Warning: Warning (2): array_diff() [<a href='http://php.net/function.array-diff'>function.array-diff</a>]: Argument #1 is not an array in [/var/www/vhost/patch.weth.li/htdocs/app/controllers/components/controller_list.php, line 26]
2011-04-09 15:22:46 Warning: Warning (2): Invalid argument supplied for foreach() in [/var/www/vhost/patch.weth.li/htdocs/app/controllers/app_controller.php, line 66]
2011-04-09 15:25:16 Warning: Warning (2): Invalid argument supplied for foreach() in [/var/www/vhost/patch.weth.li/htdocs/app/controllers/components/controller_list.php, line 19]
2011-04-09 15:25:16 Warning: Warning (2): array_diff() [<a href='http://php.net/function.array-diff'>function.array-diff</a>]: Argument #1 is not an array in [/var/www/vhost/patch.weth.li/htdocs/app/controllers/components/controller_list.php, line 26]
2011-04-09 15:25:17 Warning: Warning (2): Invalid argument supplied for foreach() in [/var/www/vhost/patch.weth.li/htdocs/app/controllers/app_controller.php, line 66]
2011-04-09 15:29:15 Warning: Warning (2): Invalid argument supplied for foreach() in [/var/www/vhost/patch.weth.li/htdocs/app/controllers/components/controller_list.php, line 19]
2011-04-09 15:29:15 Warning: Warning (2): array_diff() [<a href='http://php.net/function.array-diff'>function.array-diff</a>]: Argument #1 is not an array in [/var/www/vhost/patch.weth.li/htdocs/app/controllers/components/controller_list.php, line 26]
2011-04-09 15:29:15 Warning: Warning (2): Invalid argument supplied for foreach() in [/var/www/vhost/patch.weth.li/htdocs/app/app_controller.php, line 66]
2011-04-09 15:48:45 Warning: Warning (2): Invalid argument supplied for foreach() in [/var/www/vhost/patch.weth.li/htdocs/app/controllers/components/controller_list.php, line 19]
2011-04-09 15:48:45 Warning: Warning (2): array_diff() [<a href='http://php.net/function.array-diff'>function.array-diff</a>]: Argument #1 is not an array in [/var/www/vhost/patch.weth.li/htdocs/app/controllers/components/controller_list.php, line 26]
2011-04-09 15:48:45 Warning: Warning (2): Invalid argument supplied for foreach() in [/var/www/vhost/patch.weth.li/htdocs/app/app_controller.php, line 66]
2011-04-09 15:53:02 Warning: Warning (2): Invalid argument supplied for foreach() in [/var/www/vhost/patch.weth.li/htdocs/app/controllers/components/controller_list.php, line 19]
2011-04-09 15:53:02 Warning: Warning (2): array_diff() [<a href='http://php.net/function.array-diff'>function.array-diff</a>]: Argument #1 is not an array in [/var/www/vhost/patch.weth.li/htdocs/app/controllers/components/controller_list.php, line 26]
2011-04-09 15:53:02 Warning: Warning (2): Invalid argument supplied for foreach() in [/var/www/vhost/patch.weth.li/htdocs/app/app_controller.php, line 66]
2011-04-09 15:54:50 Warning: Warning (2): Invalid argument supplied for foreach() in [/var/www/vhost/patch.weth.li/htdocs/app/controllers/components/controller_list.php, line 19]
2011-04-09 15:54:50 Warning: Warning (2): array_diff() [<a href='http://php.net/function.array-diff'>function.array-diff</a>]: Argument #1 is not an array in [/var/www/vhost/patch.weth.li/htdocs/app/controllers/components/controller_list.php, line 26]
2011-04-09 15:54:50 Warning: Warning (2): Invalid argument supplied for foreach() in [/var/www/vhost/patch.weth.li/htdocs/app/app_controller.php, line 66]
2011-04-09 16:05:26 Warning: Warning (2): Invalid argument supplied for foreach() in [/var/www/vhost/patch.weth.li/htdocs/app/controllers/components/controller_list.php, line 19]
2011-04-09 16:05:26 Warning: Warning (2): array_diff() [<a href='http://php.net/function.array-diff'>function.array-diff</a>]: Argument #1 is not an array in [/var/www/vhost/patch.weth.li/htdocs/app/controllers/components/controller_list.php, line 26]
2011-04-09 16:06:37 Warning: Warning (2): Invalid argument supplied for foreach() in [/var/www/vhost/patch.weth.li/htdocs/app/controllers/components/controller_list.php, line 19]
2011-04-09 16:06:37 Warning: Warning (2): array_diff() [<a href='http://php.net/function.array-diff'>function.array-diff</a>]: Argument #1 is not an array in [/var/www/vhost/patch.weth.li/htdocs/app/controllers/components/controller_list.php, line 26]
2011-04-09 16:06:37 Warning: Warning (2): Invalid argument supplied for foreach() in [/var/www/vhost/patch.weth.li/htdocs/app/app_controller.php, line 66]
2011-04-09 16:10:06 Warning: Warning (2): Cannot modify header information - headers already sent by (output started at /var/www/vhost/patch.weth.li/htdocs/app/app_controller.php:155) in [/var/www/vhost/patch.weth.li/htdocs/cake/libs/controller/controller.php, line 742]
2011-04-09 16:17:06 Warning: Warning (2): Cannot modify header information - headers already sent by (output started at /var/www/vhost/patch.weth.li/htdocs/app/app_controller.php:155) in [/var/www/vhost/patch.weth.li/htdocs/cake/libs/controller/controller.php, line 742]
2011-04-09 16:17:24 Warning: Warning (2): Cannot modify header information - headers already sent by (output started at /var/www/vhost/patch.weth.li/htdocs/app/app_controller.php:155) in [/var/www/vhost/patch.weth.li/htdocs/cake/libs/controller/controller.php, line 742]
2011-04-09 16:17:27 Warning: Warning (2): Cannot modify header information - headers already sent by (output started at /var/www/vhost/patch.weth.li/htdocs/app/app_controller.php:155) in [/var/www/vhost/patch.weth.li/htdocs/cake/libs/controller/controller.php, line 742]
2011-04-09 16:17:32 Warning: Warning (2): Cannot modify header information - headers already sent by (output started at /var/www/vhost/patch.weth.li/htdocs/app/app_controller.php:155) in [/var/www/vhost/patch.weth.li/htdocs/cake/libs/controller/controller.php, line 742]
2011-04-09 16:17:37 Warning: Warning (2): Cannot modify header information - headers already sent by (output started at /var/www/vhost/patch.weth.li/htdocs/app/app_controller.php:155) in [/var/www/vhost/patch.weth.li/htdocs/cake/libs/controller/controller.php, line 742]
2011-04-09 16:17:51 Warning: Warning (2): Cannot modify header information - headers already sent by (output started at /var/www/vhost/patch.weth.li/htdocs/app/app_controller.php:155) in [/var/www/vhost/patch.weth.li/htdocs/cake/libs/controller/controller.php, line 742]
2011-04-09 16:17:57 Warning: Warning (2): Cannot modify header information - headers already sent by (output started at /var/www/vhost/patch.weth.li/htdocs/app/app_controller.php:155) in [/var/www/vhost/patch.weth.li/htdocs/cake/libs/controller/controller.php, line 742]
2011-04-09 16:18:02 Warning: Warning (2): Cannot modify header information - headers already sent by (output started at /var/www/vhost/patch.weth.li/htdocs/app/app_controller.php:155) in [/var/www/vhost/patch.weth.li/htdocs/cake/libs/controller/controller.php, line 742]
2011-04-09 16:19:40 Warning: Warning (2): Cannot modify header information - headers already sent by (output started at /var/www/vhost/patch.weth.li/htdocs/app/app_controller.php:155) in [/var/www/vhost/patch.weth.li/htdocs/cake/libs/controller/controller.php, line 742]
2011-04-09 16:20:29 Warning: Warning (2): Cannot modify header information - headers already sent by (output started at /var/www/vhost/patch.weth.li/htdocs/app/app_controller.php:155) in [/var/www/vhost/patch.weth.li/htdocs/cake/libs/controller/controller.php, line 742]
2011-04-09 16:20:31 Warning: Warning (2): Cannot modify header information - headers already sent by (output started at /var/www/vhost/patch.weth.li/htdocs/app/app_controller.php:155) in [/var/www/vhost/patch.weth.li/htdocs/cake/libs/controller/controller.php, line 742]
2011-04-09 16:20:32 Warning: Warning (2): Cannot modify header information - headers already sent by (output started at /var/www/vhost/patch.weth.li/htdocs/app/app_controller.php:155) in [/var/www/vhost/patch.weth.li/htdocs/cake/libs/controller/controller.php, line 742]
2011-04-09 16:27:06 Warning: Warning (2): Cannot modify header information - headers already sent by (output started at /var/www/vhost/patch.weth.li/htdocs/app/app_controller.php:155) in [/var/www/vhost/patch.weth.li/htdocs/cake/libs/controller/controller.php, line 742]
2011-04-09 16:27:45 Warning: Warning (2): Cannot modify header information - headers already sent by (output started at /var/www/vhost/patch.weth.li/htdocs/app/config/database.php:15) in [/var/www/vhost/patch.weth.li/htdocs/cake/libs/controller/controller.php, line 742]
2011-04-09 16:28:16 Warning: Warning (2): Cannot modify header information - headers already sent by (output started at /var/www/vhost/patch.weth.li/htdocs/app/app_controller.php:99) in [/var/www/vhost/patch.weth.li/htdocs/cake/libs/controller/controller.php, line 742]
2011-04-09 16:38:02 Warning: Warning (512): Auth::isAuthorized() - $authorize is set to an incorrect value.  Allowed settings are: "actions", "crud", "model" or null. in [/var/www/vhost/patch.weth.li/htdocs/cake/libs/controller/components/auth.php, line 570]
2011-04-09 16:38:02 Warning: Warning (2): Cannot modify header information - headers already sent by (output started at /var/www/vhost/patch.weth.li/htdocs/cake/libs/debugger.php:673) in [/var/www/vhost/patch.weth.li/htdocs/cake/libs/controller/controller.php, line 742]
2011-04-09 16:45:03 Warning: Warning (512): Auth::isAuthorized() - $authorize is set to an incorrect value.  Allowed settings are: "actions", "crud", "model" or null. in [/var/www/vhost/patch.weth.li/htdocs/cake/libs/controller/components/auth.php, line 570]
2011-04-09 16:45:03 Warning: Warning (2): Cannot modify header information - headers already sent by (output started at /var/www/vhost/patch.weth.li/htdocs/cake/libs/debugger.php:673) in [/var/www/vhost/patch.weth.li/htdocs/cake/libs/controller/controller.php, line 742]
2011-04-23 03:24:28 Warning: Warning (512): <span style="color:Red;text-align:left"><b>SQL Error:</b> 1054: Unknown column 'User' in 'where clause'</span> in [/var/www/vhost/patch.weth.li/htdocs/cake/libs/model/datasources/dbo_source.php, line 684]
2011-04-23 03:25:59 Warning: Warning (512): <span style="color:Red;text-align:left"><b>SQL Error:</b> 1052: Column 'user_id' in where clause is ambiguous</span> in [/var/www/vhost/patch.weth.li/htdocs/cake/libs/model/datasources/dbo_source.php, line 684]
2011-04-23 03:30:11 Warning: Warning (512): <span style="color:Red;text-align:left"><b>SQL Error:</b> 1052: Column 'user_id' in where clause is ambiguous</span> in [/var/www/vhost/patch.weth.li/htdocs/cake/libs/model/datasources/dbo_source.php, line 684]
2011-04-23 03:30:11 Warning: Warning (2): Invalid argument supplied for foreach() in [/var/www/vhost/patch.weth.li/htdocs/app/views/contacts/index.ctp, line 20]
2011-04-23 03:31:53 Warning: Warning (512): <span style="color:Red;text-align:left"><b>SQL Error:</b> 1054: Unknown column 'contact.user_id' in 'where clause'</span> in [/var/www/vhost/patch.weth.li/htdocs/cake/libs/model/datasources/dbo_source.php, line 684]
2011-04-23 03:31:53 Warning: Warning (2): Invalid argument supplied for foreach() in [/var/www/vhost/patch.weth.li/htdocs/app/views/contacts/index.ctp, line 20]
2011-04-23 03:43:35 Warning: Warning (512): <span style="color:Red;text-align:left"><b>SQL Error:</b> 1054: Unknown column 'contact.user_id' in 'where clause'</span> in [/var/www/vhost/patch.weth.li/htdocs/cake/libs/model/datasources/dbo_source.php, line 684]
2011-04-23 03:43:35 Warning: Warning (2): Invalid argument supplied for foreach() in [/var/www/vhost/patch.weth.li/htdocs/app/views/contacts/index.ctp, line 20]
2011-04-23 03:44:10 Warning: Warning (512): <span style="color:Red;text-align:left"><b>SQL Error:</b> 1052: Column 'user_id' in where clause is ambiguous</span> in [/var/www/vhost/patch.weth.li/htdocs/cake/libs/model/datasources/dbo_source.php, line 684]
2011-04-23 03:44:10 Warning: Warning (2): Invalid argument supplied for foreach() in [/var/www/vhost/patch.weth.li/htdocs/app/views/contacts/index.ctp, line 20]
2011-04-23 15:19:07 Warning: Warning (512): <span style="color:Red;text-align:left"><b>SQL Error:</b> 1052: Column 'user_id' in where clause is ambiguous</span> in [/var/www/vhost/patch.weth.li/htdocs/cake/libs/model/datasources/dbo_source.php, line 684]
2011-04-23 15:19:07 Warning: Warning (2): Invalid argument supplied for foreach() in [/var/www/vhost/patch.weth.li/htdocs/app/views/contacts/index.ctp, line 20]
2011-04-23 15:21:29 Warning: Warning (512): <span style="color:Red;text-align:left"><b>SQL Error:</b> 1054: Unknown column 'Contactuser_id' in 'where clause'</span> in [/var/www/vhost/patch.weth.li/htdocs/cake/libs/model/datasources/dbo_source.php, line 684]
2011-04-23 15:21:29 Warning: Warning (2): Invalid argument supplied for foreach() in [/var/www/vhost/patch.weth.li/htdocs/app/views/contacts/index.ctp, line 20]
2011-04-23 15:30:02 Warning: Warning (512): <span style="color:Red;text-align:left"><b>SQL Error:</b> 1052: Column 'Name' in order clause is ambiguous</span> in [/var/www/vhost/patch.weth.li/htdocs/cake/libs/model/datasources/dbo_source.php, line 684]
2011-04-23 15:30:02 Warning: Warning (2): Invalid argument supplied for foreach() in [/var/www/vhost/patch.weth.li/htdocs/app/views/contacts/index.ctp, line 20]
2011-04-23 15:30:20 Warning: Warning (512): <span style="color:Red;text-align:left"><b>SQL Error:</b> 1052: Column 'name' in order clause is ambiguous</span> in [/var/www/vhost/patch.weth.li/htdocs/cake/libs/model/datasources/dbo_source.php, line 684]
2011-04-23 15:30:20 Warning: Warning (2): Invalid argument supplied for foreach() in [/var/www/vhost/patch.weth.li/htdocs/app/views/contacts/index.ctp, line 20]
2011-04-23 16:31:29 Warning: Warning (512): <span style="color:Red;text-align:left"><b>SQL Error:</b> 1054: Unknown column 'Soundpatch.name' in 'order clause'</span> in [/var/www/vhost/patch.weth.li/htdocs/cake/libs/model/datasources/dbo_source.php, line 684]
2011-04-23 16:31:29 Warning: Warning (2): Invalid argument supplied for foreach() in [/var/www/vhost/patch.weth.li/htdocs/app/views/soundpatches/index.ctp, line 23]
2011-04-23 16:31:49 Warning: Warning (512): <span style="color:Red;text-align:left"><b>SQL Error:</b> 1054: Unknown column 'Soundpatches.user_id' in 'where clause'</span> in [/var/www/vhost/patch.weth.li/htdocs/cake/libs/model/datasources/dbo_source.php, line 684]
2011-04-23 16:31:49 Warning: Warning (2): Invalid argument supplied for foreach() in [/var/www/vhost/patch.weth.li/htdocs/app/views/soundpatches/index.ctp, line 23]
2011-04-23 16:34:01 Warning: Warning (512): <span style="color:Red;text-align:left"><b>SQL Error:</b> 1054: Unknown column 'Soundpatch.name' in 'order clause'</span> in [/var/www/vhost/patch.weth.li/htdocs/cake/libs/model/datasources/dbo_source.php, line 684]
2011-04-23 16:34:01 Warning: Warning (2): Invalid argument supplied for foreach() in [/var/www/vhost/patch.weth.li/htdocs/app/views/soundpatches/index.ctp, line 23]
2011-04-23 17:13:59 Warning: Warning (512): Auth::isAuthorized() - $authorize is set to an incorrect value.  Allowed settings are: "actions", "crud", "model" or null. in [/var/www/vhost/patch.weth.li/htdocs/cake/libs/controller/components/auth.php, line 570]
2011-04-23 17:13:59 Warning: Warning (2): Cannot modify header information - headers already sent by (output started at /var/www/vhost/patch.weth.li/htdocs/cake/libs/debugger.php:673) in [/var/www/vhost/patch.weth.li/htdocs/cake/libs/controller/controller.php, line 742]
2011-04-23 20:20:10 Warning: Warning (512): <span style="color:Red;text-align:left"><b>SQL Error:</b> 1064: You have an error in your SQL syntax; check the manual that corresponds to your MySQL server version for the right syntax to use near 'getRandomString' at line 1</span> in [/var/www/vhost/patch.weth.li/htdocs/cake/libs/model/datasources/dbo_source.php, line 684]
2011-04-23 20:20:10 Warning: Warning (2): Cannot modify header information - headers already sent by (output started at /var/www/vhost/patch.weth.li/htdocs/cake/libs/debugger.php:673) in [/var/www/vhost/patch.weth.li/htdocs/cake/libs/controller/controller.php, line 742]
2011-04-23 20:20:37 Warning: Warning (2): Cannot modify header information - headers already sent by (output started at /var/www/vhost/patch.weth.li/htdocs/cake/libs/debugger.php:673) in [/var/www/vhost/patch.weth.li/htdocs/cake/libs/controller/controller.php, line 742]
2011-04-23 20:22:05 Warning: Warning (2): Cannot modify header information - headers already sent by (output started at /var/www/vhost/patch.weth.li/htdocs/cake/libs/debugger.php:673) in [/var/www/vhost/patch.weth.li/htdocs/cake/libs/controller/controller.php, line 742]
2011-04-23 20:25:43 Warning: Warning (2): Cannot modify header information - headers already sent by (output started at /var/www/vhost/patch.weth.li/htdocs/cake/libs/debugger.php:673) in [/var/www/vhost/patch.weth.li/htdocs/cake/libs/controller/controller.php, line 742]
2011-04-23 21:39:56 Warning: Warning (2): Cannot modify header information - headers already sent by (output started at /var/www/vhost/patch.weth.li/htdocs/app/controllers/users_controller.php:85) in [/var/www/vhost/patch.weth.li/htdocs/cake/libs/controller/controller.php, line 742]
2011-04-23 21:40:49 Warning: Warning (2): Cannot modify header information - headers already sent by (output started at /var/www/vhost/patch.weth.li/htdocs/cake/libs/debugger.php:673) in [/var/www/vhost/patch.weth.li/htdocs/cake/libs/controller/controller.php, line 742]
2011-04-23 21:42:00 Warning: Warning (2): Cannot modify header information - headers already sent by (output started at /var/www/vhost/patch.weth.li/htdocs/cake/libs/debugger.php:673) in [/var/www/vhost/patch.weth.li/htdocs/cake/libs/controller/controller.php, line 742]
2011-04-23 21:46:18 Warning: Warning (512): <span style="color:Red;text-align:left"><b>SQL Error:</b> 1064: You have an error in your SQL syntax; check the manual that corresponds to your MySQL server version for the right syntax to use near 'getRandomStringi' at line 1</span> in [/var/www/vhost/patch.weth.li/htdocs/cake/libs/model/datasources/dbo_source.php, line 684]
2011-04-23 21:46:18 Warning: Warning (2): Cannot modify header information - headers already sent by (output started at /var/www/vhost/patch.weth.li/htdocs/cake/libs/debugger.php:673) in [/var/www/vhost/patch.weth.li/htdocs/cake/libs/controller/controller.php, line 742]
2011-04-23 21:46:42 Warning: Warning (2): Cannot modify header information - headers already sent by (output started at /var/www/vhost/patch.weth.li/htdocs/cake/libs/debugger.php:673) in [/var/www/vhost/patch.weth.li/htdocs/cake/libs/controller/controller.php, line 742]
2011-04-23 21:48:30 Warning: Warning (2): Cannot modify header information - headers already sent by (output started at /var/www/vhost/patch.weth.li/htdocs/cake/libs/debugger.php:673) in [/var/www/vhost/patch.weth.li/htdocs/cake/libs/controller/controller.php, line 742]
2011-04-30 18:35:23 Warning: Warning (512): <span style="color:Red;text-align:left"><b>SQL Error:</b> 1064: You have an error in your SQL syntax; check the manual that corresponds to your MySQL server version for the right syntax to use near 'name' at line 1</span> in [/var/www/vhost/patch.weth.li/htdocs/cake/libs/model/datasources/dbo_source.php, line 684]
2011-04-30 18:37:07 Warning: Warning (512): <span style="color:Red;text-align:left"><b>SQL Error:</b> 1064: You have an error in your SQL syntax; check the manual that corresponds to your MySQL server version for the right syntax to use near 'name' at line 1</span> in [/var/www/vhost/patch.weth.li/htdocs/cake/libs/model/datasources/dbo_source.php, line 684]
2011-04-30 20:34:00 Warning: Warning (2): mysql_real_escape_string() expects parameter 1 to be string, object given in [/var/www/vhost/patch.weth.li/htdocs/cake/libs/model/datasources/dbo/dbo_mysql.php, line 671]
2011-04-30 20:37:51 Warning: Warning (2): mysql_real_escape_string() expects parameter 1 to be string, object given in [/var/www/vhost/patch.weth.li/htdocs/cake/libs/model/datasources/dbo/dbo_mysql.php, line 671]
2011-04-30 20:40:06 Warning: Warning (2): mysql_real_escape_string() expects parameter 1 to be string, object given in [/var/www/vhost/patch.weth.li/htdocs/cake/libs/model/datasources/dbo/dbo_mysql.php, line 671]
2011-04-30 20:41:07 Warning: Warning (2): mysql_real_escape_string() expects parameter 1 to be string, object given in [/var/www/vhost/patch.weth.li/htdocs/cake/libs/model/datasources/dbo/dbo_mysql.php, line 671]
2011-04-30 20:41:13 Warning: Warning (2): mysql_real_escape_string() expects parameter 1 to be string, object given in [/var/www/vhost/patch.weth.li/htdocs/cake/libs/model/datasources/dbo/dbo_mysql.php, line 671]
2011-04-30 20:50:20 Warning: Warning (2): mysql_real_escape_string() expects parameter 1 to be string, object given in [/var/www/vhost/patch.weth.li/htdocs/cake/libs/model/datasources/dbo/dbo_mysql.php, line 671]
2011-04-30 20:51:17 Warning: Warning (2): mysql_real_escape_string() expects parameter 1 to be string, object given in [/var/www/vhost/patch.weth.li/htdocs/cake/libs/model/datasources/dbo/dbo_mysql.php, line 671]
2011-05-01 15:38:36 Warning: Warning (2): Cannot modify header information - headers already sent by (output started at /var/www/vhost/patch.weth.li/htdocs/app/controllers/users_controller.php:163) in [/var/www/vhost/patch.weth.li/htdocs/cake/libs/controller/controller.php, line 742]
2011-05-01 15:40:19 Warning: Warning (2): Cannot modify header information - headers already sent by (output started at /var/www/vhost/patch.weth.li/htdocs/app/controllers/users_controller.php:163) in [/var/www/vhost/patch.weth.li/htdocs/cake/libs/controller/controller.php, line 742]
2011-05-01 16:37:36 Warning: Warning (2): Cannot modify header information - headers already sent by (output started at /var/www/vhost/patch.weth.li/htdocs/app/controllers/tracks_controller.php:53) in [/var/www/vhost/patch.weth.li/htdocs/cake/libs/controller/controller.php, line 742]
2011-05-01 16:53:39 Warning: Warning (2): Cannot modify header information - headers already sent by (output started at /var/www/vhost/patch.weth.li/htdocs/app/controllers/tracks_controller.php:53) in [/var/www/vhost/patch.weth.li/htdocs/cake/libs/controller/controller.php, line 742]
2011-05-01 16:58:38 Warning: Warning (2): Cannot modify header information - headers already sent by (output started at /var/www/vhost/patch.weth.li/htdocs/app/controllers/tracks_controller.php:53) in [/var/www/vhost/patch.weth.li/htdocs/cake/libs/controller/controller.php, line 742]
2011-05-01 16:59:51 Warning: Warning (2): Cannot modify header information - headers already sent by (output started at /var/www/vhost/patch.weth.li/htdocs/app/controllers/tracks_controller.php:53) in [/var/www/vhost/patch.weth.li/htdocs/cake/libs/controller/controller.php, line 742]
2011-05-01 17:02:44 Warning: Warning (2): Cannot modify header information - headers already sent by (output started at /var/www/vhost/patch.weth.li/htdocs/app/controllers/tracks_controller.php:54) in [/var/www/vhost/patch.weth.li/htdocs/cake/libs/controller/controller.php, line 742]
2011-05-01 17:03:53 Warning: Warning (2): Cannot modify header information - headers already sent by (output started at /var/www/vhost/patch.weth.li/htdocs/cake/libs/debugger.php:673) in [/var/www/vhost/patch.weth.li/htdocs/cake/libs/controller/controller.php, line 742]
2011-05-01 17:04:40 Warning: Warning (2): Cannot modify header information - headers already sent by (output started at /var/www/vhost/patch.weth.li/htdocs/cake/libs/debugger.php:673) in [/var/www/vhost/patch.weth.li/htdocs/cake/libs/controller/controller.php, line 742]
2011-05-01 17:04:56 Warning: Warning (2): Cannot modify header information - headers already sent by (output started at /var/www/vhost/patch.weth.li/htdocs/cake/libs/debugger.php:673) in [/var/www/vhost/patch.weth.li/htdocs/cake/libs/controller/controller.php, line 742]
2011-05-01 18:59:40 Warning: Warning (2): Cannot modify header information - headers already sent by (output started at /var/www/vhost/patch.weth.li/htdocs/app/controllers/components/patch.php:64) in [/var/www/vhost/patch.weth.li/htdocs/cake/libs/controller/controller.php, line 742]
2011-05-01 19:13:18 Warning: Warning (2): Cannot modify header information - headers already sent by (output started at /var/www/vhost/patch.weth.li/htdocs/app/controllers/components/patch.php:64) in [/var/www/vhost/patch.weth.li/htdocs/cake/libs/controller/controller.php, line 742]
2011-05-01 19:13:45 Warning: Warning (2): Cannot modify header information - headers already sent by (output started at /var/www/vhost/patch.weth.li/htdocs/app/controllers/components/patch.php:64) in [/var/www/vhost/patch.weth.li/htdocs/cake/libs/controller/controller.php, line 742]
2011-05-01 19:14:30 Warning: Warning (2): Cannot modify header information - headers already sent by (output started at /var/www/vhost/patch.weth.li/htdocs/app/controllers/components/patch.php:64) in [/var/www/vhost/patch.weth.li/htdocs/cake/libs/controller/controller.php, line 742]
2011-05-01 19:14:48 Warning: Warning (2): Cannot modify header information - headers already sent by (output started at /var/www/vhost/patch.weth.li/htdocs/app/controllers/components/patch.php:64) in [/var/www/vhost/patch.weth.li/htdocs/cake/libs/controller/controller.php, line 742]
2011-05-01 19:17:37 Warning: Warning (2): Cannot modify header information - headers already sent by (output started at /var/www/vhost/patch.weth.li/htdocs/app/controllers/components/patch.php:64) in [/var/www/vhost/patch.weth.li/htdocs/cake/libs/controller/controller.php, line 742]
2011-05-01 19:18:07 Warning: Warning (2): Cannot modify header information - headers already sent by (output started at /var/www/vhost/patch.weth.li/htdocs/app/controllers/components/patch.php:64) in [/var/www/vhost/patch.weth.li/htdocs/cake/libs/controller/controller.php, line 742]
2011-05-01 19:28:16 Warning: Warning (2): Cannot modify header information - headers already sent by (output started at /var/www/vhost/patch.weth.li/htdocs/cake/libs/debugger.php:673) in [/var/www/vhost/patch.weth.li/htdocs/cake/libs/controller/controller.php, line 742]
2011-05-01 19:29:09 Warning: Warning (2): Cannot modify header information - headers already sent by (output started at /var/www/vhost/patch.weth.li/htdocs/app/models/user.php:13) in [/var/www/vhost/patch.weth.li/htdocs/cake/libs/controller/controller.php, line 742]
2011-05-01 19:30:08 Warning: Warning (2): Cannot modify header information - headers already sent by (output started at /var/www/vhost/patch.weth.li/htdocs/app/models/user.php:13) in [/var/www/vhost/patch.weth.li/htdocs/cake/libs/controller/controller.php, line 742]
2011-05-01 19:31:53 Warning: Warning (2): Cannot modify header information - headers already sent by (output started at /var/www/vhost/patch.weth.li/htdocs/app/controllers/components/patch.php:66) in [/var/www/vhost/patch.weth.li/htdocs/cake/libs/controller/controller.php, line 742]
2011-05-01 19:38:50 Warning: Warning (2): Cannot modify header information - headers already sent by (output started at /var/www/vhost/patch.weth.li/htdocs/app/controllers/components/patch.php:72) in [/var/www/vhost/patch.weth.li/htdocs/cake/libs/controller/controller.php, line 742]
2011-05-01 19:40:46 Warning: Warning (2): Cannot modify header information - headers already sent by (output started at /var/www/vhost/patch.weth.li/htdocs/app/controllers/components/patch.php:72) in [/var/www/vhost/patch.weth.li/htdocs/cake/libs/controller/controller.php, line 742]
2011-05-01 20:39:21 Warning: Warning (2): Cannot modify header information - headers already sent by (output started at /var/www/vhost/patch.weth.li/htdocs/cake/libs/debugger.php:673) in [/var/www/vhost/patch.weth.li/htdocs/cake/libs/controller/controller.php, line 742]
2011-05-01 20:50:49 Warning: Warning (2): Cannot modify header information - headers already sent by (output started at /var/www/vhost/patch.weth.li/htdocs/cake/libs/debugger.php:673) in [/var/www/vhost/patch.weth.li/htdocs/cake/libs/controller/controller.php, line 742]
2011-05-01 21:07:54 Warning: Warning (2): Cannot modify header information - headers already sent by (output started at /var/www/vhost/patch.weth.li/htdocs/app/controllers/users_controller.php:66) in [/var/www/vhost/patch.weth.li/htdocs/cake/libs/controller/controller.php, line 742]
2011-05-01 21:09:08 Warning: Warning (2): Cannot modify header information - headers already sent by (output started at /var/www/vhost/patch.weth.li/htdocs/app/controllers/users_controller.php:66) in [/var/www/vhost/patch.weth.li/htdocs/cake/libs/controller/controller.php, line 742]
2011-05-01 21:09:21 Warning: Warning (2): Cannot modify header information - headers already sent by (output started at /var/www/vhost/patch.weth.li/htdocs/app/controllers/users_controller.php:66) in [/var/www/vhost/patch.weth.li/htdocs/cake/libs/controller/controller.php, line 742]
2011-05-01 21:09:52 Warning: Warning (2): Cannot modify header information - headers already sent by (output started at /var/www/vhost/patch.weth.li/htdocs/app/controllers/users_controller.php:66) in [/var/www/vhost/patch.weth.li/htdocs/cake/libs/controller/controller.php, line 742]
2011-05-01 21:11:24 Warning: Warning (2): Cannot modify header information - headers already sent by (output started at /var/www/vhost/patch.weth.li/htdocs/app/controllers/users_controller.php:66) in [/var/www/vhost/patch.weth.li/htdocs/cake/libs/controller/controller.php, line 742]
2011-05-01 21:17:56 Warning: Warning (2): Cannot modify header information - headers already sent by (output started at /var/www/vhost/patch.weth.li/htdocs/app/controllers/users_controller.php:102) in [/var/www/vhost/patch.weth.li/htdocs/cake/libs/controller/controller.php, line 742]
2011-05-01 21:38:48 Warning: Warning (2): Cannot modify header information - headers already sent by (output started at /var/www/vhost/patch.weth.li/htdocs/app/controllers/users_controller.php:146) in [/var/www/vhost/patch.weth.li/htdocs/cake/libs/controller/controller.php, line 742]
2011-05-01 21:41:13 Warning: Warning (2): Cannot modify header information - headers already sent by (output started at /var/www/vhost/patch.weth.li/htdocs/app/controllers/users_controller.php:146) in [/var/www/vhost/patch.weth.li/htdocs/cake/libs/controller/controller.php, line 742]
2011-05-01 21:46:35 Warning: Warning (2): Cannot modify header information - headers already sent by (output started at /var/www/vhost/patch.weth.li/htdocs/app/controllers/users_controller.php:146) in [/var/www/vhost/patch.weth.li/htdocs/cake/libs/controller/controller.php, line 742]
2011-05-01 21:49:14 Warning: Warning (2): Cannot modify header information - headers already sent by (output started at /var/www/vhost/patch.weth.li/htdocs/app/controllers/users_controller.php:146) in [/var/www/vhost/patch.weth.li/htdocs/cake/libs/controller/controller.php, line 742]
2011-05-26 20:29:43 Warning: Warning (2): Invalid argument supplied for foreach() in [/var/www/vhost/patch.weth.li/htdocs/app/views/pages/home.ctp, line 19]
2011-05-26 21:01:45 Warning: Warning (2): Cannot modify header information - headers already sent by (output started at /var/www/vhost/patch.weth.li/htdocs/app/models/user.php:7) in [/var/www/vhost/patch.weth.li/htdocs/cake/libs/controller/controller.php, line 742]
2011-05-26 21:05:15 Warning: Warning (2): Cannot modify header information - headers already sent by (output started at /var/www/vhost/patch.weth.li/htdocs/app/models/user.php:7) in [/var/www/vhost/patch.weth.li/htdocs/cake/libs/controller/controller.php, line 742]
2011-05-26 21:11:36 Warning: Warning (2): Cannot modify header information - headers already sent by (output started at /var/www/vhost/patch.weth.li/htdocs/app/models/user.php:7) in [/var/www/vhost/patch.weth.li/htdocs/cake/libs/controller/controller.php, line 742]
2011-05-27 19:54:15 Warning: Warning (512): <span style="color:Red;text-align:left"><b>SQL Error:</b> 1064: You have an error in your SQL syntax; check the manual that corresponds to your MySQL server version for the right syntax to use near 'del' at line 1</span> in [/var/www/vhost/patch.weth.li/htdocs/cake/libs/model/datasources/dbo_source.php, line 684]
